<?xml version="1.0" encoding="UTF-8"?>
<testsuite xmlns:xsi="http://www.w3.org/2001/XMLSchema-instance" xsi:noNamespaceSchemaLocation="https://maven.apache.org/surefire/maven-surefire-plugin/xsd/surefire-test-report-3.0.xsd" version="3.0" name="com.hotelbay.CucumberTestRunnerTest" time="5.117" tests="71" errors="0" skipped="0" failures="0">
  <properties>
[...]
</properties>
  <testcase name="Create booking" classname="Booking Management" time="3.129">
    <system-out><![CDATA[15:47:00.824 [main] INFO org.springframework.test.context.support.AnnotationConfigContextLoaderUtils -- Could not detect default configuration classes for test class [com.hotelbay.steps.CucumberSpringConfiguration]: CucumberSpringConfiguration does not declare any static, non-private, non-final, nested classes annotated with @Configuration.
15:47:00.977 [main] INFO org.springframework.boot.test.context.SpringBootTestContextBootstrapper -- Found @SpringBootConfiguration com.hotelbay.HotelBayApplication for test class com.hotelbay.steps.CucumberSpringConfiguration

  .   ____          _            __ _ _
 /\\ / ___'_ __ _ _(_)_ __  __ _ \ \ \ \
( ( )\___ | '_ | '_| | '_ \/ _` | \ \ \ \
 \\/  ___)| |_)| | | | | || (_| |  ) ) ) )
  '  |____| .__|_| |_|_| |_\__, | / / / /
 =========|_|==============|___/=/_/_/_/
 :: Spring Boot ::                (v3.2.5)

2026-05-07T15:47:01.379+01:00  INFO 42288 --- [           main] c.h.steps.CucumberSpringConfiguration    : Starting CucumberSpringConfiguration using Java 25 with PID 42288 (started by ferni in C:\Users\ferni\Desktop\university of evora\semester 02\software\New folder\spring-bdd)
2026-05-07T15:47:01.381+01:00  INFO 42288 --- [           main] c.h.steps.CucumberSpringConfiguration    : The following 1 profile is active: "test"
2026-05-07T15:47:02.429+01:00  INFO 42288 --- [           main] o.s.b.w.embedded.tomcat.TomcatWebServer  : Tomcat initialized with port 0 (http)
2026-05-07T15:47:02.438+01:00  INFO 42288 --- [           main] o.apache.catalina.core.StandardService   : Starting service [Tomcat]
2026-05-07T15:47:02.439+01:00  INFO 42288 --- [           main] o.apache.catalina.core.StandardEngine    : Starting Servlet engine: [Apache Tomcat/10.1.20]
2026-05-07T15:47:02.490+01:00  INFO 42288 --- [           main] o.a.c.c.C.[Tomcat].[localhost].[/]       : Initializing Spring embedded WebApplicationContext
2026-05-07T15:47:02.490+01:00  INFO 42288 --- [           main] w.s.c.ServletWebServerApplicationContext : Root WebApplicationContext: initialization completed in 1089 ms
2026-05-07T15:47:02.948+01:00  INFO 42288 --- [           main] o.s.b.w.embedded.tomcat.TomcatWebServer  : Tomcat started on port 57692 (http) with context path ''
2026-05-07T15:47:02.957+01:00  INFO 42288 --- [           main] c.h.steps.CucumberSpringConfiguration    : Started CucumberSpringConfiguration in 1.822 seconds (process running for 3.284)

Scenario: Create booking                                                &amp#27;[90m# src/test/resources/features/booking-management.feature:10&amp#27;[0m
  &amp#27;[32mGiven &amp#27;[0m&amp#27;[32mthe system is running&amp#27;[0m                                           &amp#27;[90m# com.hotelbay.steps.ReservationManagementSteps.systemIsRunning()&amp#27;[0m
  &amp#27;[32mAnd &amp#27;[0m&amp#27;[32mthe client is authenticated as a guest&amp#27;[0m                            &amp#27;[90m# com.hotelbay.steps.BookingManagementSteps.clientIsAuthenticatedAsGuest()&amp#27;[0m
  &amp#27;[32mGiven &amp#27;[0m&amp#27;[32mthe client is authenticated as a guest&amp#27;[0m                          &amp#27;[90m# com.hotelbay.steps.BookingManagementSteps.clientIsAuthenticatedAsGuest()&amp#27;[0m
2026-05-07T15:47:03.764+01:00  INFO 42288 --- [o-auto-1-exec-2] o.a.c.c.C.[Tomcat].[localhost].[/]       : Initializing Spring DispatcherServlet 'dispatcherServlet'
2026-05-07T15:47:03.764+01:00  INFO 42288 --- [o-auto-1-exec-2] o.s.web.servlet.DispatcherServlet        : Initializing Servlet 'dispatcherServlet'
2026-05-07T15:47:03.767+01:00  INFO 42288 --- [o-auto-1-exec-2] o.s.web.servlet.DispatcherServlet        : Completed initialization in 3 ms
  &amp#27;[32mWhen &amp#27;[0m&amp#27;[32mthe client calls POST /api/reservations with reservation details&amp#27;[0m &amp#27;[90m# com.hotelbay.steps.BookingManagementSteps.clientCallsPostApiReservationsWithDetails()&amp#27;[0m
  &amp#27;[32mThen &amp#27;[0m&amp#27;[32mthe client receives status code of &amp#27;[0m&amp#27;[32m&amp#27;[1m201&amp#27;[0m                           &amp#27;[90m# com.hotelbay.steps.BookingManagementSteps.clientReceivesStatusCode(int)&amp#27;[0m
  &amp#27;[32mAnd &amp#27;[0m&amp#27;[32mthe booking status is set to pending&amp#27;[0m                              &amp#27;[90m# com.hotelbay.steps.BookingManagementSteps.bookingStatusIsSetToPending()&amp#27;[0m
]]></system-out>
    <system-err><![CDATA[WARNING: A Java agent has been loaded dynamically (C:\Users\ferni\.m2\repository\net\bytebuddy\byte-buddy-agent\1.14.13\byte-buddy-agent-1.14.13.jar)
WARNING: If a serviceability tool is in use, please run with -XX:+EnableDynamicAgentLoading to hide this warning
WARNING: If a serviceability tool is not in use, please run with -Djdk.instrument.traceUsage for more information
WARNING: Dynamic loading of agents will be disallowed by default in a future release
]]></system-err>
  </testcase>
  <testcase name="Cancel booking" classname="Booking Management" time="0.064">
    <system-out><![CDATA[2026-05-07T15:47:03.881+01:00  INFO 42288 --- [           main] t.c.s.AnnotationConfigContextLoaderUtils : Could not detect default configuration classes for test class [com.hotelbay.steps.CucumberSpringConfiguration]: CucumberSpringConfiguration does not declare any static, non-private, non-final, nested classes annotated with @Configuration.
2026-05-07T15:47:03.884+01:00  INFO 42288 --- [           main] .b.t.c.SpringBootTestContextBootstrapper : Found @SpringBootConfiguration com.hotelbay.HotelBayApplication for test class com.hotelbay.steps.CucumberSpringConfiguration

Scenario: Cancel booking                                &amp#27;[90m# src/test/resources/features/booking-management.feature:16&amp#27;[0m
  &amp#27;[32mGiven &amp#27;[0m&amp#27;[32mthe system is running&amp#27;[0m                           &amp#27;[90m# com.hotelbay.steps.ReservationManagementSteps.systemIsRunning()&amp#27;[0m
  &amp#27;[32mAnd &amp#27;[0m&amp#27;[32mthe client is authenticated as a guest&amp#27;[0m            &amp#27;[90m# com.hotelbay.steps.BookingManagementSteps.clientIsAuthenticatedAsGuest()&amp#27;[0m
  &amp#27;[32mGiven &amp#27;[0m&amp#27;[32mthe guest has a confirmed reservation with ID 1&amp#27;[0m &amp#27;[90m# com.hotelbay.steps.BookingManagementSteps.guestHasConfirmedReservation()&amp#27;[0m
  &amp#27;[32mWhen &amp#27;[0m&amp#27;[32mthe client calls PUT /api/reservations/1/cancel&amp#27;[0m  &amp#27;[90m# com.hotelbay.steps.BookingManagementSteps.clientCallsPutApiReservationsCancel()&amp#27;[0m
  &amp#27;[32mThen &amp#27;[0m&amp#27;[32mthe client receives status code of &amp#27;[0m&amp#27;[32m&amp#27;[1m200&amp#27;[0m           &amp#27;[90m# com.hotelbay.steps.BookingManagementSteps.clientReceivesStatusCode(int)&amp#27;[0m
  &amp#27;[32mAnd &amp#27;[0m&amp#27;[32mthe reservation status is marked as canceled&amp#27;[0m      &amp#27;[90m# com.hotelbay.steps.BookingManagementSteps.reservationStatusIsMarkedCanceled()&amp#27;[0m
]]></system-out>
  </testcase>
  <testcase name="View booking details" classname="Booking Management" time="0.033">
    <system-out><![CDATA[2026-05-07T15:47:03.944+01:00  INFO 42288 --- [           main] t.c.s.AnnotationConfigContextLoaderUtils : Could not detect default configuration classes for test class [com.hotelbay.steps.CucumberSpringConfiguration]: CucumberSpringConfiguration does not declare any static, non-private, non-final, nested classes annotated with @Configuration.
2026-05-07T15:47:03.945+01:00  INFO 42288 --- [           main] .b.t.c.SpringBootTestContextBootstrapper : Found @SpringBootConfiguration com.hotelbay.HotelBayApplication for test class com.hotelbay.steps.CucumberSpringConfiguration

Scenario: View booking details                                          &amp#27;[90m# src/test/resources/features/booking-management.feature:22&amp#27;[0m
  &amp#27;[32mGiven &amp#27;[0m&amp#27;[32mthe system is running&amp#27;[0m                                           &amp#27;[90m# com.hotelbay.steps.ReservationManagementSteps.systemIsRunning()&amp#27;[0m
  &amp#27;[32mAnd &amp#27;[0m&amp#27;[32mthe client is authenticated as a guest&amp#27;[0m                            &amp#27;[90m# com.hotelbay.steps.BookingManagementSteps.clientIsAuthenticatedAsGuest()&amp#27;[0m
  &amp#27;[32mGiven &amp#27;[0m&amp#27;[32mthe guest has an existing reservation with ID 1&amp#27;[0m                 &amp#27;[90m# com.hotelbay.steps.BookingManagementSteps.guestHasExistingReservation()&amp#27;[0m
  &amp#27;[32mWhen &amp#27;[0m&amp#27;[32mthe client calls GET /api/reservations/1 for reservation details&amp#27;[0m &amp#27;[90m# com.hotelbay.steps.BookingManagementSteps.clientCallsGetApiReservationsDetails()&amp#27;[0m
  &amp#27;[32mThen &amp#27;[0m&amp#27;[32mthe client receives status code of &amp#27;[0m&amp#27;[32m&amp#27;[1m200&amp#27;[0m                           &amp#27;[90m# com.hotelbay.steps.BookingManagementSteps.clientReceivesStatusCode(int)&amp#27;[0m
  &amp#27;[32mAnd &amp#27;[0m&amp#27;[32mthe system returns the reservation details&amp#27;[0m                        &amp#27;[90m# com.hotelbay.steps.BookingManagementSteps.systemReturnsReservationDetails()&amp#27;[0m
]]></system-out>
  </testcase>
  <testcase name="List user bookings" classname="Booking Management" time="0.03">
    <system-out><![CDATA[2026-05-07T15:47:03.978+01:00  INFO 42288 --- [           main] t.c.s.AnnotationConfigContextLoaderUtils : Could not detect default configuration classes for test class [com.hotelbay.steps.CucumberSpringConfiguration]: CucumberSpringConfiguration does not declare any static, non-private, non-final, nested classes annotated with @Configuration.
2026-05-07T15:47:03.980+01:00  INFO 42288 --- [           main] .b.t.c.SpringBootTestContextBootstrapper : Found @SpringBootConfiguration com.hotelbay.HotelBayApplication for test class com.hotelbay.steps.CucumberSpringConfiguration

Scenario: List user bookings                                            &amp#27;[90m# src/test/resources/features/booking-management.feature:28&amp#27;[0m
  &amp#27;[32mGiven &amp#27;[0m&amp#27;[32mthe system is running&amp#27;[0m                                           &amp#27;[90m# com.hotelbay.steps.ReservationManagementSteps.systemIsRunning()&amp#27;[0m
  &amp#27;[32mAnd &amp#27;[0m&amp#27;[32mthe client is authenticated as a guest&amp#27;[0m                            &amp#27;[90m# com.hotelbay.steps.BookingManagementSteps.clientIsAuthenticatedAsGuest()&amp#27;[0m
  &amp#27;[32mGiven &amp#27;[0m&amp#27;[32mthe client is authenticated as a guest&amp#27;[0m                          &amp#27;[90m# com.hotelbay.steps.BookingManagementSteps.clientIsAuthenticatedAsGuest()&amp#27;[0m
  &amp#27;[32mWhen &amp#27;[0m&amp#27;[32mthe client calls GET /api/reservations/guest/1 for user bookings&amp#27;[0m &amp#27;[90m# com.hotelbay.steps.BookingManagementSteps.clientCallsGetApiReservationsGuestBookings()&amp#27;[0m
  &amp#27;[32mThen &amp#27;[0m&amp#27;[32mthe client receives status code of &amp#27;[0m&amp#27;[32m&amp#27;[1m200&amp#27;[0m                           &amp#27;[90m# com.hotelbay.steps.BookingManagementSteps.clientReceivesStatusCode(int)&amp#27;[0m
  &amp#27;[32mAnd &amp#27;[0m&amp#27;[32mthe system returns a list of the user's reservations&amp#27;[0m              &amp#27;[90m# com.hotelbay.steps.BookingManagementSteps.systemReturnsUserReservations()&amp#27;[0m
]]></system-out>
  </testcase>
  <testcase name="Check room availability" classname="Booking Management" time="0.023">
    <system-out><![CDATA[2026-05-07T15:47:04.009+01:00  INFO 42288 --- [           main] t.c.s.AnnotationConfigContextLoaderUtils : Could not detect default configuration classes for test class [com.hotelbay.steps.CucumberSpringConfiguration]: CucumberSpringConfiguration does not declare any static, non-private, non-final, nested classes annotated with @Configuration.
2026-05-07T15:47:04.010+01:00  INFO 42288 --- [           main] .b.t.c.SpringBootTestContextBootstrapper : Found @SpringBootConfiguration com.hotelbay.HotelBayApplication for test class com.hotelbay.steps.CucumberSpringConfiguration

Scenario: Check room availability                            &amp#27;[90m# src/test/resources/features/booking-management.feature:34&amp#27;[0m
  &amp#27;[32mGiven &amp#27;[0m&amp#27;[32mthe system is running&amp#27;[0m                                &amp#27;[90m# com.hotelbay.steps.ReservationManagementSteps.systemIsRunning()&amp#27;[0m
  &amp#27;[32mAnd &amp#27;[0m&amp#27;[32mthe client is authenticated as a guest&amp#27;[0m                 &amp#27;[90m# com.hotelbay.steps.BookingManagementSteps.clientIsAuthenticatedAsGuest()&amp#27;[0m
  &amp#27;[32mGiven &amp#27;[0m&amp#27;[32mthe user provides check-in and check-out dates&amp#27;[0m       &amp#27;[90m# com.hotelbay.steps.BookingManagementSteps.userProvidesCheckInAndCheckOutDates()&amp#27;[0m
  &amp#27;[32mWhen &amp#27;[0m&amp#27;[32mthe client calls GET /api/rooms for room availability&amp#27;[0m &amp#27;[90m# com.hotelbay.steps.BookingManagementSteps.clientCallsGetApiRoomsAvailability()&amp#27;[0m
  &amp#27;[32mThen &amp#27;[0m&amp#27;[32mthe client receives status code of &amp#27;[0m&amp#27;[32m&amp#27;[1m200&amp#27;[0m                &amp#27;[90m# com.hotelbay.steps.BookingManagementSteps.clientReceivesStatusCode(int)&amp#27;[0m
  &amp#27;[32mAnd &amp#27;[0m&amp#27;[32mthe system returns a list of available rooms&amp#27;[0m           &amp#27;[90m# com.hotelbay.steps.BookingManagementSteps.systemReturnsAvailableRooms()&amp#27;[0m
]]></system-out>
  </testcase>
  <testcase name="Create hotel" classname="Hotel Administration" time="0.029">
    <system-out><![CDATA[2026-05-07T15:47:04.032+01:00  INFO 42288 --- [           main] t.c.s.AnnotationConfigContextLoaderUtils : Could not detect default configuration classes for test class [com.hotelbay.steps.CucumberSpringConfiguration]: CucumberSpringConfiguration does not declare any static, non-private, non-final, nested classes annotated with @Configuration.
2026-05-07T15:47:04.034+01:00  INFO 42288 --- [           main] .b.t.c.SpringBootTestContextBootstrapper : Found @SpringBootConfiguration com.hotelbay.HotelBayApplication for test class com.hotelbay.steps.CucumberSpringConfiguration

Scenario: Create hotel                                                                                                     &amp#27;[90m# src/test/resources/features/hotel-management.feature:10&amp#27;[0m
  &amp#27;[32mGiven &amp#27;[0m&amp#27;[32mthe system is running&amp#27;[0m                                                                                              &amp#27;[90m# com.hotelbay.steps.ReservationManagementSteps.systemIsRunning()&amp#27;[0m
  &amp#27;[32mAnd &amp#27;[0m&amp#27;[32man administrator is authenticated&amp#27;[0m                                                                                    &amp#27;[90m# com.hotelbay.steps.HotelManagementSteps.administratorIsAuthenticated()&amp#27;[0m
  &amp#27;[32mGiven &amp#27;[0m&amp#27;[32man administrator is authenticated&amp#27;[0m                                                                                  &amp#27;[90m# com.hotelbay.steps.HotelManagementSteps.administratorIsAuthenticated()&amp#27;[0m
  &amp#27;[32mWhen &amp#27;[0m&amp#27;[32mthe administrator submits a request to create a new hotel with name, description, location, and contact information&amp#27;[0m &amp#27;[90m# com.hotelbay.steps.HotelManagementSteps.administratorSubmitsRequestToCreateNewHotel()&amp#27;[0m
  &amp#27;[32mThen &amp#27;[0m&amp#27;[32mthe system should store the hotel information&amp#27;[0m                                                                       &amp#27;[90m# com.hotelbay.steps.HotelManagementSteps.systemShouldStoreHotelInformation()&amp#27;[0m
  &amp#27;[32mAnd &amp#27;[0m&amp#27;[32mthe system should return the created hotel details&amp#27;[0m                                                                   &amp#27;[90m# com.hotelbay.steps.HotelManagementSteps.systemShouldReturnCreatedHotelDetails()&amp#27;[0m
]]></system-out>
  </testcase>
  <testcase name="Update hotel information" classname="Hotel Administration" time="0.024">
    <system-out><![CDATA[2026-05-07T15:47:04.061+01:00  INFO 42288 --- [           main] t.c.s.AnnotationConfigContextLoaderUtils : Could not detect default configuration classes for test class [com.hotelbay.steps.CucumberSpringConfiguration]: CucumberSpringConfiguration does not declare any static, non-private, non-final, nested classes annotated with @Configuration.
2026-05-07T15:47:04.062+01:00  INFO 42288 --- [           main] .b.t.c.SpringBootTestContextBootstrapper : Found @SpringBootConfiguration com.hotelbay.HotelBayApplication for test class com.hotelbay.steps.CucumberSpringConfiguration

Scenario: Update hotel information                                            &amp#27;[90m# src/test/resources/features/hotel-management.feature:16&amp#27;[0m
  &amp#27;[32mGiven &amp#27;[0m&amp#27;[32mthe system is running&amp#27;[0m                                                 &amp#27;[90m# com.hotelbay.steps.ReservationManagementSteps.systemIsRunning()&amp#27;[0m
  &amp#27;[32mAnd &amp#27;[0m&amp#27;[32man administrator is authenticated&amp#27;[0m                                       &amp#27;[90m# com.hotelbay.steps.HotelManagementSteps.administratorIsAuthenticated()&amp#27;[0m
  &amp#27;[32mGiven &amp#27;[0m&amp#27;[32ma hotel with ID 1 exists in the system&amp#27;[0m                                &amp#27;[90m# com.hotelbay.steps.HotelManagementSteps.hotelWithId1Exists()&amp#27;[0m
  &amp#27;[32mWhen &amp#27;[0m&amp#27;[32mthe administrator updates the hotel description or contact information&amp#27;[0m &amp#27;[90m# com.hotelbay.steps.HotelManagementSteps.administratorUpdatesHotelInformation()&amp#27;[0m
  &amp#27;[32mThen &amp#27;[0m&amp#27;[32mthe system should save the updated hotel information&amp#27;[0m                   &amp#27;[90m# com.hotelbay.steps.HotelManagementSteps.systemShouldSaveUpdatedHotelInformation()&amp#27;[0m
  &amp#27;[32mAnd &amp#27;[0m&amp#27;[32mthe client receives status code of &amp#27;[0m&amp#27;[32m&amp#27;[1m200&amp#27;[0m                                  &amp#27;[90m# com.hotelbay.steps.BookingManagementSteps.clientReceivesStatusCode(int)&amp#27;[0m
]]></system-out>
  </testcase>
  <testcase name="Activate hotel" classname="Hotel Administration" time="0.024">
    <system-out><![CDATA[2026-05-07T15:47:04.085+01:00  INFO 42288 --- [           main] t.c.s.AnnotationConfigContextLoaderUtils : Could not detect default configuration classes for test class [com.hotelbay.steps.CucumberSpringConfiguration]: CucumberSpringConfiguration does not declare any static, non-private, non-final, nested classes annotated with @Configuration.
2026-05-07T15:47:04.087+01:00  INFO 42288 --- [           main] .b.t.c.SpringBootTestContextBootstrapper : Found @SpringBootConfiguration com.hotelbay.HotelBayApplication for test class com.hotelbay.steps.CucumberSpringConfiguration

Scenario: Activate hotel                                                    &amp#27;[90m# src/test/resources/features/hotel-management.feature:22&amp#27;[0m
  &amp#27;[32mGiven &amp#27;[0m&amp#27;[32mthe system is running&amp#27;[0m                                               &amp#27;[90m# com.hotelbay.steps.ReservationManagementSteps.systemIsRunning()&amp#27;[0m
  &amp#27;[32mAnd &amp#27;[0m&amp#27;[32man administrator is authenticated&amp#27;[0m                                     &amp#27;[90m# com.hotelbay.steps.HotelManagementSteps.administratorIsAuthenticated()&amp#27;[0m
  &amp#27;[32mGiven &amp#27;[0m&amp#27;[32ma hotel with ID 1 exists and is inactive&amp#27;[0m                            &amp#27;[90m# com.hotelbay.steps.HotelManagementSteps.hotelWithId1ExistsAndIsInactive()&amp#27;[0m
  &amp#27;[32mWhen &amp#27;[0m&amp#27;[32mthe administrator activates the hotel&amp#27;[0m                                &amp#27;[90m# com.hotelbay.steps.HotelManagementSteps.administratorActivatesHotel()&amp#27;[0m
  &amp#27;[32mThen &amp#27;[0m&amp#27;[32mthe hotel should become available for room searches and reservations&amp#27;[0m &amp#27;[90m# com.hotelbay.steps.HotelManagementSteps.hotelShouldBecomeAvailable()&amp#27;[0m
  &amp#27;[32mAnd &amp#27;[0m&amp#27;[32mthe client receives status code of &amp#27;[0m&amp#27;[32m&amp#27;[1m200&amp#27;[0m                                &amp#27;[90m# com.hotelbay.steps.BookingManagementSteps.clientReceivesStatusCode(int)&amp#27;[0m
]]></system-out>
  </testcase>
  <testcase name="Deactivate hotel" classname="Hotel Administration" time="0.023">
    <system-out><![CDATA[2026-05-07T15:47:04.110+01:00  INFO 42288 --- [           main] t.c.s.AnnotationConfigContextLoaderUtils : Could not detect default configuration classes for test class [com.hotelbay.steps.CucumberSpringConfiguration]: CucumberSpringConfiguration does not declare any static, non-private, non-final, nested classes annotated with @Configuration.
2026-05-07T15:47:04.112+01:00  INFO 42288 --- [           main] .b.t.c.SpringBootTestContextBootstrapper : Found @SpringBootConfiguration com.hotelbay.HotelBayApplication for test class com.hotelbay.steps.CucumberSpringConfiguration

Scenario: Deactivate hotel                                      &amp#27;[90m# src/test/resources/features/hotel-management.feature:28&amp#27;[0m
  &amp#27;[32mGiven &amp#27;[0m&amp#27;[32mthe system is running&amp#27;[0m                                   &amp#27;[90m# com.hotelbay.steps.ReservationManagementSteps.systemIsRunning()&amp#27;[0m
  &amp#27;[32mAnd &amp#27;[0m&amp#27;[32man administrator is authenticated&amp#27;[0m                         &amp#27;[90m# com.hotelbay.steps.HotelManagementSteps.administratorIsAuthenticated()&amp#27;[0m
  &amp#27;[32mGiven &amp#27;[0m&amp#27;[32ma hotel with ID 1 exists and is active&amp#27;[0m                  &amp#27;[90m# com.hotelbay.steps.HotelManagementSteps.hotelWithId1ExistsAndIsActive()&amp#27;[0m
  &amp#27;[32mWhen &amp#27;[0m&amp#27;[32mthe administrator deactivates the hotel&amp#27;[0m                  &amp#27;[90m# com.hotelbay.steps.HotelManagementSteps.administratorDeactivatesHotel()&amp#27;[0m
  &amp#27;[32mThen &amp#27;[0m&amp#27;[32mthe hotel should become unavailable for new reservations&amp#27;[0m &amp#27;[90m# com.hotelbay.steps.HotelManagementSteps.hotelShouldBecomeUnavailable()&amp#27;[0m
  &amp#27;[32mAnd &amp#27;[0m&amp#27;[32mexisting reservations should remain valid&amp#27;[0m                 &amp#27;[90m# com.hotelbay.steps.HotelManagementSteps.existingReservationsShouldRemainValid()&amp#27;[0m
  &amp#27;[32mAnd &amp#27;[0m&amp#27;[32mthe client receives status code of &amp#27;[0m&amp#27;[32m&amp#27;[1m200&amp#27;[0m                    &amp#27;[90m# com.hotelbay.steps.BookingManagementSteps.clientReceivesStatusCode(int)&amp#27;[0m
]]></system-out>
  </testcase>
  <testcase name="Consult hotel details" classname="Hotel Administration" time="0.021">
    <system-out><![CDATA[2026-05-07T15:47:04.133+01:00  INFO 42288 --- [           main] t.c.s.AnnotationConfigContextLoaderUtils : Could not detect default configuration classes for test class [com.hotelbay.steps.CucumberSpringConfiguration]: CucumberSpringConfiguration does not declare any static, non-private, non-final, nested classes annotated with @Configuration.
2026-05-07T15:47:04.135+01:00  INFO 42288 --- [           main] .b.t.c.SpringBootTestContextBootstrapper : Found @SpringBootConfiguration com.hotelbay.HotelBayApplication for test class com.hotelbay.steps.CucumberSpringConfiguration

Scenario: Consult hotel details                                                     &amp#27;[90m# src/test/resources/features/hotel-management.feature:35&amp#27;[0m
  &amp#27;[32mGiven &amp#27;[0m&amp#27;[32mthe system is running&amp#27;[0m                                                       &amp#27;[90m# com.hotelbay.steps.ReservationManagementSteps.systemIsRunning()&amp#27;[0m
  &amp#27;[32mAnd &amp#27;[0m&amp#27;[32man administrator is authenticated&amp#27;[0m                                             &amp#27;[90m# com.hotelbay.steps.HotelManagementSteps.administratorIsAuthenticated()&amp#27;[0m
  &amp#27;[32mGiven &amp#27;[0m&amp#27;[32ma hotel with ID 1 exists in the system&amp#27;[0m                                      &amp#27;[90m# com.hotelbay.steps.HotelManagementSteps.hotelWithId1Exists()&amp#27;[0m
  &amp#27;[32mWhen &amp#27;[0m&amp#27;[32ma user requests the hotel details&amp#27;[0m                                            &amp#27;[90m# com.hotelbay.steps.HotelManagementSteps.userRequestsHotelDetails()&amp#27;[0m
  &amp#27;[32mThen &amp#27;[0m&amp#27;[32mthe system should return the hotel name, description, location, and services&amp#27;[0m &amp#27;[90m# com.hotelbay.steps.HotelManagementSteps.systemShouldReturnHotelDetails()&amp#27;[0m
  &amp#27;[32mAnd &amp#27;[0m&amp#27;[32mthe client receives status code of &amp#27;[0m&amp#27;[32m&amp#27;[1m200&amp#27;[0m                                        &amp#27;[90m# com.hotelbay.steps.BookingManagementSteps.clientReceivesStatusCode(int)&amp#27;[0m
]]></system-out>
  </testcase>
  <testcase name="List all hotels" classname="Hotel Administration" time="0.025">
    <system-out><![CDATA[2026-05-07T15:47:04.154+01:00  INFO 42288 --- [           main] t.c.s.AnnotationConfigContextLoaderUtils : Could not detect default configuration classes for test class [com.hotelbay.steps.CucumberSpringConfiguration]: CucumberSpringConfiguration does not declare any static, non-private, non-final, nested classes annotated with @Configuration.
2026-05-07T15:47:04.156+01:00  INFO 42288 --- [           main] .b.t.c.SpringBootTestContextBootstrapper : Found @SpringBootConfiguration com.hotelbay.HotelBayApplication for test class com.hotelbay.steps.CucumberSpringConfiguration

Scenario: List all hotels                             &amp#27;[90m# src/test/resources/features/hotel-management.feature:41&amp#27;[0m
  &amp#27;[32mGiven &amp#27;[0m&amp#27;[32mthe system is running&amp#27;[0m                         &amp#27;[90m# com.hotelbay.steps.ReservationManagementSteps.systemIsRunning()&amp#27;[0m
  &amp#27;[32mAnd &amp#27;[0m&amp#27;[32man administrator is authenticated&amp#27;[0m               &amp#27;[90m# com.hotelbay.steps.HotelManagementSteps.administratorIsAuthenticated()&amp#27;[0m
  &amp#27;[32mGiven &amp#27;[0m&amp#27;[32mmultiple hotels exist in the system&amp#27;[0m           &amp#27;[90m# com.hotelbay.steps.HotelManagementSteps.multipleHotelsExistInTheSystem()&amp#27;[0m
  &amp#27;[32mWhen &amp#27;[0m&amp#27;[32ma user requests the list of hotels&amp#27;[0m             &amp#27;[90m# com.hotelbay.steps.HotelManagementSteps.userRequestsListOfHotels()&amp#27;[0m
  &amp#27;[32mThen &amp#27;[0m&amp#27;[32mthe system should return all registered hotels&amp#27;[0m &amp#27;[90m# com.hotelbay.steps.HotelManagementSteps.systemShouldReturnAllHotels()&amp#27;[0m
  &amp#27;[32mAnd &amp#27;[0m&amp#27;[32mthe client receives status code of &amp#27;[0m&amp#27;[32m&amp#27;[1m200&amp#27;[0m          &amp#27;[90m# com.hotelbay.steps.BookingManagementSteps.clientReceivesStatusCode(int)&amp#27;[0m
]]></system-out>
  </testcase>
  <testcase name="Process payment" classname="Payment Management" time="0.035">
    <system-out><![CDATA[2026-05-07T15:47:04.180+01:00  INFO 42288 --- [           main] t.c.s.AnnotationConfigContextLoaderUtils : Could not detect default configuration classes for test class [com.hotelbay.steps.CucumberSpringConfiguration]: CucumberSpringConfiguration does not declare any static, non-private, non-final, nested classes annotated with @Configuration.
2026-05-07T15:47:04.182+01:00  INFO 42288 --- [           main] .b.t.c.SpringBootTestContextBootstrapper : Found @SpringBootConfiguration com.hotelbay.HotelBayApplication for test class com.hotelbay.steps.CucumberSpringConfiguration

Scenario: Process payment                                    &amp#27;[90m# src/test/resources/features/payment-management.feature:10&amp#27;[0m
  &amp#27;[32mGiven &amp#27;[0m&amp#27;[32mthe system is running&amp#27;[0m                                &amp#27;[90m# com.hotelbay.steps.ReservationManagementSteps.systemIsRunning()&amp#27;[0m
  &amp#27;[32mAnd &amp#27;[0m&amp#27;[32mthe client is authenticated as a guest&amp#27;[0m                 &amp#27;[90m# com.hotelbay.steps.BookingManagementSteps.clientIsAuthenticatedAsGuest()&amp#27;[0m
  &amp#27;[32mGiven &amp#27;[0m&amp#27;[32mthe guest has a pending reservation&amp#27;[0m                  &amp#27;[90m# com.hotelbay.steps.PaymentManagementSteps.guestHasPendingReservation()&amp#27;[0m
  &amp#27;[32mWhen &amp#27;[0m&amp#27;[32mthe client calls POST /payments with a payment amount&amp#27;[0m &amp#27;[90m# com.hotelbay.steps.PaymentManagementSteps.clientCallsPostPaymentsWithAmount()&amp#27;[0m
  &amp#27;[32mThen &amp#27;[0m&amp#27;[32mthe client receives status code of &amp#27;[0m&amp#27;[32m&amp#27;[1m201&amp#27;[0m                &amp#27;[90m# com.hotelbay.steps.BookingManagementSteps.clientReceivesStatusCode(int)&amp#27;[0m
  &amp#27;[32mAnd &amp#27;[0m&amp#27;[32mthe payment status is set to processing&amp#27;[0m                &amp#27;[90m# com.hotelbay.steps.PaymentManagementSteps.paymentStatusIsSetToProcessing()&amp#27;[0m
]]></system-out>
  </testcase>
  <testcase name="Confirm payment" classname="Payment Management" time="0.025">
    <system-out><![CDATA[2026-05-07T15:47:04.214+01:00  INFO 42288 --- [           main] t.c.s.AnnotationConfigContextLoaderUtils : Could not detect default configuration classes for test class [com.hotelbay.steps.CucumberSpringConfiguration]: CucumberSpringConfiguration does not declare any static, non-private, non-final, nested classes annotated with @Configuration.
2026-05-07T15:47:04.216+01:00  INFO 42288 --- [           main] .b.t.c.SpringBootTestContextBootstrapper : Found @SpringBootConfiguration com.hotelbay.HotelBayApplication for test class com.hotelbay.steps.CucumberSpringConfiguration

Scenario: Confirm payment                        &amp#27;[90m# src/test/resources/features/payment-management.feature:16&amp#27;[0m
  &amp#27;[32mGiven &amp#27;[0m&amp#27;[32mthe system is running&amp#27;[0m                    &amp#27;[90m# com.hotelbay.steps.ReservationManagementSteps.systemIsRunning()&amp#27;[0m
  &amp#27;[32mAnd &amp#27;[0m&amp#27;[32mthe client is authenticated as a guest&amp#27;[0m     &amp#27;[90m# com.hotelbay.steps.BookingManagementSteps.clientIsAuthenticatedAsGuest()&amp#27;[0m
  &amp#27;[32mGiven &amp#27;[0m&amp#27;[32ma payment attempt is successful&amp#27;[0m          &amp#27;[90m# com.hotelbay.steps.PaymentManagementSteps.paymentAttemptIsSuccessful()&amp#27;[0m
  &amp#27;[32mWhen &amp#27;[0m&amp#27;[32mthe client calls PUT /payments/1/confirm&amp#27;[0m  &amp#27;[90m# com.hotelbay.steps.PaymentManagementSteps.clientCallsPutPaymentsConfirm()&amp#27;[0m
  &amp#27;[32mThen &amp#27;[0m&amp#27;[32mthe client receives status code of &amp#27;[0m&amp#27;[32m&amp#27;[1m200&amp#27;[0m    &amp#27;[90m# com.hotelbay.steps.BookingManagementSteps.clientReceivesStatusCode(int)&amp#27;[0m
  &amp#27;[32mAnd &amp#27;[0m&amp#27;[32mthe reservation state changes to confirmed&amp#27;[0m &amp#27;[90m# com.hotelbay.steps.PaymentManagementSteps.reservationStateChangesToConfirmed()&amp#27;[0m
]]></system-out>
  </testcase>
  <testcase name="Handle payment failure" classname="Payment Management" time="0.038">
    <system-out><![CDATA[2026-05-07T15:47:04.239+01:00  INFO 42288 --- [           main] t.c.s.AnnotationConfigContextLoaderUtils : Could not detect default configuration classes for test class [com.hotelbay.steps.CucumberSpringConfiguration]: CucumberSpringConfiguration does not declare any static, non-private, non-final, nested classes annotated with @Configuration.
2026-05-07T15:47:04.241+01:00  INFO 42288 --- [           main] .b.t.c.SpringBootTestContextBootstrapper : Found @SpringBootConfiguration com.hotelbay.HotelBayApplication for test class com.hotelbay.steps.CucumberSpringConfiguration

Scenario: Handle payment failure                             &amp#27;[90m# src/test/resources/features/payment-management.feature:22&amp#27;[0m
  &amp#27;[32mGiven &amp#27;[0m&amp#27;[32mthe system is running&amp#27;[0m                                &amp#27;[90m# com.hotelbay.steps.ReservationManagementSteps.systemIsRunning()&amp#27;[0m
  &amp#27;[32mAnd &amp#27;[0m&amp#27;[32mthe client is authenticated as a guest&amp#27;[0m                 &amp#27;[90m# com.hotelbay.steps.BookingManagementSteps.clientIsAuthenticatedAsGuest()&amp#27;[0m
  &amp#27;[32mGiven &amp#27;[0m&amp#27;[32mthe client provides invalid payment details&amp#27;[0m          &amp#27;[90m# com.hotelbay.steps.PaymentManagementSteps.clientProvidesInvalidPaymentDetails()&amp#27;[0m
2026-05-07T15:47:04.260+01:00  WARN 42288 --- [o-auto-1-exec-6] .w.s.m.s.DefaultHandlerExceptionResolver : Resolved [org.springframework.web.bind.MethodArgumentNotValidException: Validation failed for argument [0] in public org.springframework.http.ResponseEntity<com.hotelbay.entity.Payment> com.hotelbay.controller.PaymentController.createPayment(com.hotelbay.entity.Payment): [Field error in object 'payment' on field 'amount': rejected value [null]; codes [NotNull.payment.amount,NotNull.amount,NotNull.java.math.BigDecimal,NotNull]; arguments [org.springframework.context.support.DefaultMessageSourceResolvable: codes [payment.amount,amount]; arguments []; default message [amount]]; default message [Payment amount is required]] ]
  &amp#27;[32mWhen &amp#27;[0m&amp#27;[32mthe client calls POST /payments with a payment amount&amp#27;[0m &amp#27;[90m# com.hotelbay.steps.PaymentManagementSteps.clientCallsPostPaymentsWithAmount()&amp#27;[0m
  &amp#27;[32mThen &amp#27;[0m&amp#27;[32mthe client receives status code of &amp#27;[0m&amp#27;[32m&amp#27;[1m400&amp#27;[0m                &amp#27;[90m# com.hotelbay.steps.BookingManagementSteps.clientReceivesStatusCode(int)&amp#27;[0m
  &amp#27;[32mAnd &amp#27;[0m&amp#27;[32mthe reservation remains in a pending state&amp#27;[0m             &amp#27;[90m# com.hotelbay.steps.PaymentManagementSteps.reservationRemainsInPendingState()&amp#27;[0m
]]></system-out>
  </testcase>
  <testcase name="Confirm non-existing payment" classname="Payment Management" time="0.016">
    <system-out><![CDATA[2026-05-07T15:47:04.277+01:00  INFO 42288 --- [           main] t.c.s.AnnotationConfigContextLoaderUtils : Could not detect default configuration classes for test class [com.hotelbay.steps.CucumberSpringConfiguration]: CucumberSpringConfiguration does not declare any static, non-private, non-final, nested classes annotated with @Configuration.
2026-05-07T15:47:04.277+01:00  INFO 42288 --- [           main] .b.t.c.SpringBootTestContextBootstrapper : Found @SpringBootConfiguration com.hotelbay.HotelBayApplication for test class com.hotelbay.steps.CucumberSpringConfiguration

Scenario: Confirm non-existing payment                                     &amp#27;[90m# src/test/resources/features/payment-management.feature:28&amp#27;[0m
  &amp#27;[32mGiven &amp#27;[0m&amp#27;[32mthe system is running&amp#27;[0m                                              &amp#27;[90m# com.hotelbay.steps.ReservationManagementSteps.systemIsRunning()&amp#27;[0m
  &amp#27;[32mAnd &amp#27;[0m&amp#27;[32mthe client is authenticated as a guest&amp#27;[0m                               &amp#27;[90m# com.hotelbay.steps.BookingManagementSteps.clientIsAuthenticatedAsGuest()&amp#27;[0m
  &amp#27;[32mGiven &amp#27;[0m&amp#27;[32mno payment exists&amp#27;[0m                                                  &amp#27;[90m# com.hotelbay.steps.PaymentManagementSteps.noPaymentExists()&amp#27;[0m
  &amp#27;[32mWhen &amp#27;[0m&amp#27;[32mthe client calls PUT /payments/999/confirm for non-existing payment&amp#27;[0m &amp#27;[90m# com.hotelbay.steps.PaymentManagementSteps.clientCallsPutPaymentsConfirmNonExisting()&amp#27;[0m
  &amp#27;[32mThen &amp#27;[0m&amp#27;[32mthe client receives status code of &amp#27;[0m&amp#27;[32m&amp#27;[1m404&amp#27;[0m                              &amp#27;[90m# com.hotelbay.steps.BookingManagementSteps.clientReceivesStatusCode(int)&amp#27;[0m
  &amp#27;[32mAnd &amp#27;[0m&amp#27;[32man error message is returned&amp#27;[0m                                         &amp#27;[90m# com.hotelbay.steps.RoomManagementSteps.errorMessageIsReturned()&amp#27;[0m
]]></system-out>
  </testcase>
  <testcase name="Confirm already confirmed payment" classname="Payment Management" time="0.029">
    <system-out><![CDATA[2026-05-07T15:47:04.294+01:00  INFO 42288 --- [           main] t.c.s.AnnotationConfigContextLoaderUtils : Could not detect default configuration classes for test class [com.hotelbay.steps.CucumberSpringConfiguration]: CucumberSpringConfiguration does not declare any static, non-private, non-final, nested classes annotated with @Configuration.
2026-05-07T15:47:04.295+01:00  INFO 42288 --- [           main] .b.t.c.SpringBootTestContextBootstrapper : Found @SpringBootConfiguration com.hotelbay.HotelBayApplication for test class com.hotelbay.steps.CucumberSpringConfiguration

Scenario: Confirm already confirmed payment                                   &amp#27;[90m# src/test/resources/features/payment-management.feature:34&amp#27;[0m
  &amp#27;[32mGiven &amp#27;[0m&amp#27;[32mthe system is running&amp#27;[0m                                                 &amp#27;[90m# com.hotelbay.steps.ReservationManagementSteps.systemIsRunning()&amp#27;[0m
  &amp#27;[32mAnd &amp#27;[0m&amp#27;[32mthe client is authenticated as a guest&amp#27;[0m                                  &amp#27;[90m# com.hotelbay.steps.BookingManagementSteps.clientIsAuthenticatedAsGuest()&amp#27;[0m
  &amp#27;[32mGiven &amp#27;[0m&amp#27;[32ma payment has already been confirmed&amp#27;[0m                                  &amp#27;[90m# com.hotelbay.steps.PaymentManagementSteps.paymentHasBeenConfirmed()&amp#27;[0m
  &amp#27;[32mWhen &amp#27;[0m&amp#27;[32mthe client calls PUT /payments/1/confirm for already confirmed payment&amp#27;[0m &amp#27;[90m# com.hotelbay.steps.PaymentManagementSteps.clientCallsPutPaymentsConfirmAlreadyConfirmed()&amp#27;[0m
  &amp#27;[32mThen &amp#27;[0m&amp#27;[32mthe client receives status code of &amp#27;[0m&amp#27;[32m&amp#27;[1m409&amp#27;[0m                                 &amp#27;[90m# com.hotelbay.steps.BookingManagementSteps.clientReceivesStatusCode(int)&amp#27;[0m
  &amp#27;[32mAnd &amp#27;[0m&amp#27;[32man error message is returned&amp#27;[0m                                            &amp#27;[90m# com.hotelbay.steps.RoomManagementSteps.errorMessageIsReturned()&amp#27;[0m
]]></system-out>
  </testcase>
  <testcase name="Add a rating" classname="Ratings" time="0.037">
    <system-out><![CDATA[2026-05-07T15:47:04.326+01:00  INFO 42288 --- [           main] t.c.s.AnnotationConfigContextLoaderUtils : Could not detect default configuration classes for test class [com.hotelbay.steps.CucumberSpringConfiguration]: CucumberSpringConfiguration does not declare any static, non-private, non-final, nested classes annotated with @Configuration.
2026-05-07T15:47:04.327+01:00  INFO 42288 --- [           main] .b.t.c.SpringBootTestContextBootstrapper : Found @SpringBootConfiguration com.hotelbay.HotelBayApplication for test class com.hotelbay.steps.CucumberSpringConfiguration

Scenario: Add a rating                                      &amp#27;[90m# src/test/resources/features/ratings-management.feature:10&amp#27;[0m
  &amp#27;[32mGiven &amp#27;[0m&amp#27;[32mthe system is running&amp#27;[0m                               &amp#27;[90m# com.hotelbay.steps.ReservationManagementSteps.systemIsRunning()&amp#27;[0m
  &amp#27;[32mAnd &amp#27;[0m&amp#27;[32mthe client is authenticated as a guest&amp#27;[0m                &amp#27;[90m# com.hotelbay.steps.BookingManagementSteps.clientIsAuthenticatedAsGuest()&amp#27;[0m
  &amp#27;[32mGiven &amp#27;[0m&amp#27;[32ma guest has completed their stay&amp#27;[0m                    &amp#27;[90m# com.hotelbay.steps.ReviewManagementSteps.guestHasCompletedTheirStay()&amp#27;[0m
  &amp#27;[32mWhen &amp#27;[0m&amp#27;[32mthe client calls POST /hotels/&amp#27;[0m&amp#27;[32m&amp#27;[1m1&amp#27;[0m&amp#27;[32m/ratings with a score&amp#27;[0m &amp#27;[90m# com.hotelbay.steps.ReviewManagementSteps.clientCallsPostHotelsRatingsWithScore(int)&amp#27;[0m
  &amp#27;[32mThen &amp#27;[0m&amp#27;[32mthe client receives status code of &amp#27;[0m&amp#27;[32m&amp#27;[1m201&amp#27;[0m               &amp#27;[90m# com.hotelbay.steps.BookingManagementSteps.clientReceivesStatusCode(int)&amp#27;[0m
  &amp#27;[32mAnd &amp#27;[0m&amp#27;[32mthe rating is saved&amp#27;[0m                                   &amp#27;[90m# com.hotelbay.steps.ReviewManagementSteps.ratingIsSaved()&amp#27;[0m
]]></system-out>
  </testcase>
  <testcase name="View average rating" classname="Ratings" time="0.023">
    <system-out><![CDATA[2026-05-07T15:47:04.362+01:00  INFO 42288 --- [           main] t.c.s.AnnotationConfigContextLoaderUtils : Could not detect default configuration classes for test class [com.hotelbay.steps.CucumberSpringConfiguration]: CucumberSpringConfiguration does not declare any static, non-private, non-final, nested classes annotated with @Configuration.
2026-05-07T15:47:04.364+01:00  INFO 42288 --- [           main] .b.t.c.SpringBootTestContextBootstrapper : Found @SpringBootConfiguration com.hotelbay.HotelBayApplication for test class com.hotelbay.steps.CucumberSpringConfiguration

Scenario: View average rating                         &amp#27;[90m# src/test/resources/features/ratings-management.feature:16&amp#27;[0m
  &amp#27;[32mGiven &amp#27;[0m&amp#27;[32mthe system is running&amp#27;[0m                         &amp#27;[90m# com.hotelbay.steps.ReservationManagementSteps.systemIsRunning()&amp#27;[0m
  &amp#27;[32mAnd &amp#27;[0m&amp#27;[32mthe client is authenticated as a guest&amp#27;[0m          &amp#27;[90m# com.hotelbay.steps.BookingManagementSteps.clientIsAuthenticatedAsGuest()&amp#27;[0m
  &amp#27;[32mGiven &amp#27;[0m&amp#27;[32ma hotel has ratings&amp#27;[0m                           &amp#27;[90m# com.hotelbay.steps.ReviewManagementSteps.hotelHasRatings()&amp#27;[0m
  &amp#27;[32mWhen &amp#27;[0m&amp#27;[32mthe client calls GET /hotels/&amp#27;[0m&amp#27;[32m&amp#27;[1m1&amp#27;[0m&amp#27;[32m/ratings/average&amp#27;[0m &amp#27;[90m# com.hotelbay.steps.ReviewManagementSteps.clientCallsGetHotelsRatingsAverage(int)&amp#27;[0m
  &amp#27;[32mThen &amp#27;[0m&amp#27;[32mthe client receives status code of &amp#27;[0m&amp#27;[32m&amp#27;[1m200&amp#27;[0m         &amp#27;[90m# com.hotelbay.steps.BookingManagementSteps.clientReceivesStatusCode(int)&amp#27;[0m
  &amp#27;[32mAnd &amp#27;[0m&amp#27;[32mthe system returns the average rating&amp#27;[0m           &amp#27;[90m# com.hotelbay.steps.ReviewManagementSteps.systemReturnsAverageRating()&amp#27;[0m
]]></system-out>
  </testcase>
  <testcase name="Update a rating" classname="Ratings" time="0.023">
    <system-out><![CDATA[2026-05-07T15:47:04.387+01:00  INFO 42288 --- [           main] t.c.s.AnnotationConfigContextLoaderUtils : Could not detect default configuration classes for test class [com.hotelbay.steps.CucumberSpringConfiguration]: CucumberSpringConfiguration does not declare any static, non-private, non-final, nested classes annotated with @Configuration.
2026-05-07T15:47:04.390+01:00  INFO 42288 --- [           main] .b.t.c.SpringBootTestContextBootstrapper : Found @SpringBootConfiguration com.hotelbay.HotelBayApplication for test class com.hotelbay.steps.CucumberSpringConfiguration

Scenario: Update a rating                               &amp#27;[90m# src/test/resources/features/ratings-management.feature:22&amp#27;[0m
  &amp#27;[32mGiven &amp#27;[0m&amp#27;[32mthe system is running&amp#27;[0m                           &amp#27;[90m# com.hotelbay.steps.ReservationManagementSteps.systemIsRunning()&amp#27;[0m
  &amp#27;[32mAnd &amp#27;[0m&amp#27;[32mthe client is authenticated as a guest&amp#27;[0m            &amp#27;[90m# com.hotelbay.steps.BookingManagementSteps.clientIsAuthenticatedAsGuest()&amp#27;[0m
  &amp#27;[32mGiven &amp#27;[0m&amp#27;[32ma guest has submitted a rating&amp#27;[0m                  &amp#27;[90m# com.hotelbay.steps.ReviewManagementSteps.guestHasSubmittedRating()&amp#27;[0m
  &amp#27;[32mWhen &amp#27;[0m&amp#27;[32mthe client calls PUT /ratings/&amp#27;[0m&amp#27;[32m&amp#27;[1m1&amp#27;[0m&amp#27;[32m with a new score&amp#27;[0m &amp#27;[90m# com.hotelbay.steps.ReviewManagementSteps.clientCallsPutRatingsWithNewScore(int)&amp#27;[0m
  &amp#27;[32mThen &amp#27;[0m&amp#27;[32mthe client receives status code of &amp#27;[0m&amp#27;[32m&amp#27;[1m200&amp#27;[0m           &amp#27;[90m# com.hotelbay.steps.BookingManagementSteps.clientReceivesStatusCode(int)&amp#27;[0m
  &amp#27;[32mAnd &amp#27;[0m&amp#27;[32mthe rating is updated&amp#27;[0m                             &amp#27;[90m# com.hotelbay.steps.ReviewManagementSteps.ratingIsUpdated()&amp#27;[0m
]]></system-out>
  </testcase>
  <testcase name="Reject invalid rating" classname="Ratings" time="0.019">
    <system-out><![CDATA[2026-05-07T15:47:04.410+01:00  INFO 42288 --- [           main] t.c.s.AnnotationConfigContextLoaderUtils : Could not detect default configuration classes for test class [com.hotelbay.steps.CucumberSpringConfiguration]: CucumberSpringConfiguration does not declare any static, non-private, non-final, nested classes annotated with @Configuration.
2026-05-07T15:47:04.411+01:00  INFO 42288 --- [           main] .b.t.c.SpringBootTestContextBootstrapper : Found @SpringBootConfiguration com.hotelbay.HotelBayApplication for test class com.hotelbay.steps.CucumberSpringConfiguration

Scenario: Reject invalid rating                                      &amp#27;[90m# src/test/resources/features/ratings-management.feature:28&amp#27;[0m
  &amp#27;[32mGiven &amp#27;[0m&amp#27;[32mthe system is running&amp#27;[0m                                        &amp#27;[90m# com.hotelbay.steps.ReservationManagementSteps.systemIsRunning()&amp#27;[0m
  &amp#27;[32mAnd &amp#27;[0m&amp#27;[32mthe client is authenticated as a guest&amp#27;[0m                         &amp#27;[90m# com.hotelbay.steps.BookingManagementSteps.clientIsAuthenticatedAsGuest()&amp#27;[0m
  &amp#27;[32mGiven &amp#27;[0m&amp#27;[32ma guest has completed their stay&amp#27;[0m                             &amp#27;[90m# com.hotelbay.steps.ReviewManagementSteps.guestHasCompletedTheirStay()&amp#27;[0m
2026-05-07T15:47:04.423+01:00  WARN 42288 --- [o-auto-1-exec-3] .w.s.m.s.DefaultHandlerExceptionResolver : Resolved [org.springframework.web.bind.MethodArgumentNotValidException: Validation failed for argument [0] in public org.springframework.http.ResponseEntity<com.hotelbay.entity.Review> com.hotelbay.controller.ReviewController.createReview(com.hotelbay.entity.Review): [Field error in object 'review' on field 'rating': rejected value [11]; codes [Max.review.rating,Max.rating,Max.java.lang.Integer,Max]; arguments [org.springframework.context.support.DefaultMessageSourceResolvable: codes [review.rating,rating]; arguments []; default message [rating],10]; default message [Rating must not exceed 10]] ]
  &amp#27;[32mWhen &amp#27;[0m&amp#27;[32mthe client calls POST /hotels/&amp#27;[0m&amp#27;[32m&amp#27;[1m1&amp#27;[0m&amp#27;[32m/ratings with an invalid score&amp#27;[0m &amp#27;[90m# com.hotelbay.steps.ReviewManagementSteps.clientCallsPostHotelsRatingsWithInvalidScore(int)&amp#27;[0m
  &amp#27;[32mThen &amp#27;[0m&amp#27;[32mthe client receives status code of &amp#27;[0m&amp#27;[32m&amp#27;[1m400&amp#27;[0m                        &amp#27;[90m# com.hotelbay.steps.BookingManagementSteps.clientReceivesStatusCode(int)&amp#27;[0m
  &amp#27;[32mAnd &amp#27;[0m&amp#27;[32man error message is returned for ratings&amp#27;[0m                       &amp#27;[90m# com.hotelbay.steps.ReviewManagementSteps.errorMessageIsReturnedForRatings()&amp#27;[0m
]]></system-out>
  </testcase>
  <testcase name="Update non-existing rating" classname="Ratings" time="0.019">
    <system-out><![CDATA[2026-05-07T15:47:04.429+01:00  INFO 42288 --- [           main] t.c.s.AnnotationConfigContextLoaderUtils : Could not detect default configuration classes for test class [com.hotelbay.steps.CucumberSpringConfiguration]: CucumberSpringConfiguration does not declare any static, non-private, non-final, nested classes annotated with @Configuration.
2026-05-07T15:47:04.430+01:00  INFO 42288 --- [           main] .b.t.c.SpringBootTestContextBootstrapper : Found @SpringBootConfiguration com.hotelbay.HotelBayApplication for test class com.hotelbay.steps.CucumberSpringConfiguration

Scenario: Update non-existing rating                  &amp#27;[90m# src/test/resources/features/ratings-management.feature:34&amp#27;[0m
  &amp#27;[32mGiven &amp#27;[0m&amp#27;[32mthe system is running&amp#27;[0m                         &amp#27;[90m# com.hotelbay.steps.ReservationManagementSteps.systemIsRunning()&amp#27;[0m
  &amp#27;[32mAnd &amp#27;[0m&amp#27;[32mthe client is authenticated as a guest&amp#27;[0m          &amp#27;[90m# com.hotelbay.steps.BookingManagementSteps.clientIsAuthenticatedAsGuest()&amp#27;[0m
  &amp#27;[32mGiven &amp#27;[0m&amp#27;[32mno rating exists with ID &amp#27;[0m&amp#27;[32m&amp#27;[1m999&amp#27;[0m                  &amp#27;[90m# com.hotelbay.steps.ReviewManagementSteps.noRatingExistsWithId(int)&amp#27;[0m
  &amp#27;[32mWhen &amp#27;[0m&amp#27;[32mthe client calls PUT /ratings/&amp#27;[0m&amp#27;[32m&amp#27;[1m999&amp#27;[0m&amp#27;[32m with a score&amp#27;[0m &amp#27;[90m# com.hotelbay.steps.ReviewManagementSteps.clientCallsPutRatingsWithScore(int)&amp#27;[0m
  &amp#27;[32mThen &amp#27;[0m&amp#27;[32mthe client receives status code of &amp#27;[0m&amp#27;[32m&amp#27;[1m404&amp#27;[0m         &amp#27;[90m# com.hotelbay.steps.BookingManagementSteps.clientReceivesStatusCode(int)&amp#27;[0m
  &amp#27;[32mAnd &amp#27;[0m&amp#27;[32man error message is returned for ratings&amp#27;[0m        &amp#27;[90m# com.hotelbay.steps.ReviewManagementSteps.errorMessageIsReturnedForRatings()&amp#27;[0m
]]></system-out>
  </testcase>
  <testcase name="View average rating for hotel without ratings" classname="Ratings" time="0.028">
    <system-out><![CDATA[2026-05-07T15:47:04.449+01:00  INFO 42288 --- [           main] t.c.s.AnnotationConfigContextLoaderUtils : Could not detect default configuration classes for test class [com.hotelbay.steps.CucumberSpringConfiguration]: CucumberSpringConfiguration does not declare any static, non-private, non-final, nested classes annotated with @Configuration.
2026-05-07T15:47:04.451+01:00  INFO 42288 --- [           main] .b.t.c.SpringBootTestContextBootstrapper : Found @SpringBootConfiguration com.hotelbay.HotelBayApplication for test class com.hotelbay.steps.CucumberSpringConfiguration

Scenario: View average rating for hotel without ratings &amp#27;[90m# src/test/resources/features/ratings-management.feature:40&amp#27;[0m
  &amp#27;[32mGiven &amp#27;[0m&amp#27;[32mthe system is running&amp#27;[0m                           &amp#27;[90m# com.hotelbay.steps.ReservationManagementSteps.systemIsRunning()&amp#27;[0m
  &amp#27;[32mAnd &amp#27;[0m&amp#27;[32mthe client is authenticated as a guest&amp#27;[0m            &amp#27;[90m# com.hotelbay.steps.BookingManagementSteps.clientIsAuthenticatedAsGuest()&amp#27;[0m
  &amp#27;[32mGiven &amp#27;[0m&amp#27;[32ma hotel has no ratings&amp#27;[0m                          &amp#27;[90m# com.hotelbay.steps.ReviewManagementSteps.hotelHasNoRatings()&amp#27;[0m
  &amp#27;[32mWhen &amp#27;[0m&amp#27;[32mthe client calls GET /hotels/&amp#27;[0m&amp#27;[32m&amp#27;[1m1&amp#27;[0m&amp#27;[32m/ratings/average&amp#27;[0m   &amp#27;[90m# com.hotelbay.steps.ReviewManagementSteps.clientCallsGetHotelsRatingsAverage(int)&amp#27;[0m
  &amp#27;[32mThen &amp#27;[0m&amp#27;[32mthe client receives status code of &amp#27;[0m&amp#27;[32m&amp#27;[1m200&amp#27;[0m           &amp#27;[90m# com.hotelbay.steps.BookingManagementSteps.clientReceivesStatusCode(int)&amp#27;[0m
  &amp#27;[32mAnd &amp#27;[0m&amp#27;[32mthe system returns 0 as the average rating&amp#27;[0m        &amp#27;[90m# com.hotelbay.steps.ReviewManagementSteps.systemReturns0AsAverageRating()&amp#27;[0m
]]></system-out>
  </testcase>
  <testcase name="Request refund" classname="Refund Management" time="0.023">
    <system-out><![CDATA[2026-05-07T15:47:04.479+01:00  INFO 42288 --- [           main] t.c.s.AnnotationConfigContextLoaderUtils : Could not detect default configuration classes for test class [com.hotelbay.steps.CucumberSpringConfiguration]: CucumberSpringConfiguration does not declare any static, non-private, non-final, nested classes annotated with @Configuration.
2026-05-07T15:47:04.481+01:00  INFO 42288 --- [           main] .b.t.c.SpringBootTestContextBootstrapper : Found @SpringBootConfiguration com.hotelbay.HotelBayApplication for test class com.hotelbay.steps.CucumberSpringConfiguration

Scenario: Request refund                                         &amp#27;[90m# src/test/resources/features/refund-management.feature:10&amp#27;[0m
  &amp#27;[32mGiven &amp#27;[0m&amp#27;[32mthe system is running&amp#27;[0m                                    &amp#27;[90m# com.hotelbay.steps.ReservationManagementSteps.systemIsRunning()&amp#27;[0m
  &amp#27;[32mAnd &amp#27;[0m&amp#27;[32mthe client is authenticated as a guest&amp#27;[0m                     &amp#27;[90m# com.hotelbay.steps.BookingManagementSteps.clientIsAuthenticatedAsGuest()&amp#27;[0m
  &amp#27;[32mGiven &amp#27;[0m&amp#27;[32ma guest has a canceled reservation eligible for a refund&amp#27;[0m &amp#27;[90m# com.hotelbay.steps.RefundManagementSteps.guestHasCanceledReservationEligibleForRefund()&amp#27;[0m
  &amp#27;[32mWhen &amp#27;[0m&amp#27;[32mthe client calls POST /refunds with the reservation ID&amp#27;[0m    &amp#27;[90m# com.hotelbay.steps.RefundManagementSteps.clientCallsPostWithReservationId()&amp#27;[0m
  &amp#27;[32mThen &amp#27;[0m&amp#27;[32mthe client receives status code of &amp#27;[0m&amp#27;[32m&amp#27;[1m200&amp#27;[0m                    &amp#27;[90m# com.hotelbay.steps.BookingManagementSteps.clientReceivesStatusCode(int)&amp#27;[0m
  &amp#27;[32mAnd &amp#27;[0m&amp#27;[32mthe refund request is recorded as pending&amp#27;[0m                  &amp#27;[90m# com.hotelbay.steps.RefundManagementSteps.refundRequestIsRecordedAsPending()&amp#27;[0m
]]></system-out>
  </testcase>
  <testcase name="Approve refund" classname="Refund Management" time="0.015">
    <system-out><![CDATA[2026-05-07T15:47:04.502+01:00  INFO 42288 --- [           main] t.c.s.AnnotationConfigContextLoaderUtils : Could not detect default configuration classes for test class [com.hotelbay.steps.CucumberSpringConfiguration]: CucumberSpringConfiguration does not declare any static, non-private, non-final, nested classes annotated with @Configuration.
2026-05-07T15:47:04.502+01:00  INFO 42288 --- [           main] .b.t.c.SpringBootTestContextBootstrapper : Found @SpringBootConfiguration com.hotelbay.HotelBayApplication for test class com.hotelbay.steps.CucumberSpringConfiguration

Scenario: Approve refund                              &amp#27;[90m# src/test/resources/features/refund-management.feature:16&amp#27;[0m
  &amp#27;[32mGiven &amp#27;[0m&amp#27;[32mthe system is running&amp#27;[0m                         &amp#27;[90m# com.hotelbay.steps.ReservationManagementSteps.systemIsRunning()&amp#27;[0m
  &amp#27;[32mAnd &amp#27;[0m&amp#27;[32mthe client is authenticated as a guest&amp#27;[0m          &amp#27;[90m# com.hotelbay.steps.BookingManagementSteps.clientIsAuthenticatedAsGuest()&amp#27;[0m
  &amp#27;[32mGiven &amp#27;[0m&amp#27;[32ma pending refund request exists&amp#27;[0m               &amp#27;[90m# com.hotelbay.steps.RefundManagementSteps.pendingRefundRequestExists()&amp#27;[0m
  &amp#27;[32mWhen &amp#27;[0m&amp#27;[32mthe administrator calls PUT /refunds/1/approve&amp#27;[0m &amp#27;[90m# com.hotelbay.steps.RefundManagementSteps.administratorCallsPutRefundsApprove()&amp#27;[0m
  &amp#27;[32mThen &amp#27;[0m&amp#27;[32mthe administrator receives status code of &amp#27;[0m&amp#27;[32m&amp#27;[1m200&amp#27;[0m  &amp#27;[90m# com.hotelbay.steps.RefundManagementSteps.administratorReceivesStatusCode(int)&amp#27;[0m
  &amp#27;[32mAnd &amp#27;[0m&amp#27;[32mthe refund status is updated to approved&amp#27;[0m        &amp#27;[90m# com.hotelbay.steps.RefundManagementSteps.refundStatusIsUpdatedToApproved()&amp#27;[0m
]]></system-out>
  </testcase>
  <testcase name="Process refund" classname="Refund Management" time="0.03">
    <system-out><![CDATA[2026-05-07T15:47:04.518+01:00  INFO 42288 --- [           main] t.c.s.AnnotationConfigContextLoaderUtils : Could not detect default configuration classes for test class [com.hotelbay.steps.CucumberSpringConfiguration]: CucumberSpringConfiguration does not declare any static, non-private, non-final, nested classes annotated with @Configuration.
2026-05-07T15:47:04.519+01:00  INFO 42288 --- [           main] .b.t.c.SpringBootTestContextBootstrapper : Found @SpringBootConfiguration com.hotelbay.HotelBayApplication for test class com.hotelbay.steps.CucumberSpringConfiguration

Scenario: Process refund                                               &amp#27;[90m# src/test/resources/features/refund-management.feature:22&amp#27;[0m
  &amp#27;[32mGiven &amp#27;[0m&amp#27;[32mthe system is running&amp#27;[0m                                          &amp#27;[90m# com.hotelbay.steps.ReservationManagementSteps.systemIsRunning()&amp#27;[0m
  &amp#27;[32mAnd &amp#27;[0m&amp#27;[32mthe client is authenticated as a guest&amp#27;[0m                           &amp#27;[90m# com.hotelbay.steps.BookingManagementSteps.clientIsAuthenticatedAsGuest()&amp#27;[0m
  &amp#27;[32mGiven &amp#27;[0m&amp#27;[32man administrator has approved a refund request&amp#27;[0m                 &amp#27;[90m# com.hotelbay.steps.RefundManagementSteps.administratorHasApprovedRefundRequest()&amp#27;[0m
2026-05-07T15:47:04.541+01:00  WARN 42288 --- [o-auto-1-exec-8] .w.s.m.s.DefaultHandlerExceptionResolver : Resolved [org.springframework.web.HttpRequestMethodNotSupportedException: Request method 'POST' is not supported]
  &amp#27;[32mWhen &amp#27;[0m&amp#27;[32mthe system processes the transaction via PUT /refunds/1/process&amp#27;[0m &amp#27;[90m# com.hotelbay.steps.RefundManagementSteps.systemProcessesTransactionRefundsProcess()&amp#27;[0m
  &amp#27;[32mThen &amp#27;[0m&amp#27;[32mthe client receives status code of &amp#27;[0m&amp#27;[32m&amp#27;[1m200&amp#27;[0m                          &amp#27;[90m# com.hotelbay.steps.BookingManagementSteps.clientReceivesStatusCode(int)&amp#27;[0m
  &amp#27;[32mAnd &amp#27;[0m&amp#27;[32mthe refund status is marked as completed&amp#27;[0m                         &amp#27;[90m# com.hotelbay.steps.RefundManagementSteps.refundStatusIsMarkedAsCompleted()&amp#27;[0m
]]></system-out>
  </testcase>
  <testcase name="Reject refund request for invalid reservation" classname="Refund Management" time="0.021">
    <system-out><![CDATA[2026-05-07T15:47:04.548+01:00  INFO 42288 --- [           main] t.c.s.AnnotationConfigContextLoaderUtils : Could not detect default configuration classes for test class [com.hotelbay.steps.CucumberSpringConfiguration]: CucumberSpringConfiguration does not declare any static, non-private, non-final, nested classes annotated with @Configuration.
2026-05-07T15:47:04.550+01:00  INFO 42288 --- [           main] .b.t.c.SpringBootTestContextBootstrapper : Found @SpringBootConfiguration com.hotelbay.HotelBayApplication for test class com.hotelbay.steps.CucumberSpringConfiguration

Scenario: Reject refund request for invalid reservation              &amp#27;[90m# src/test/resources/features/refund-management.feature:28&amp#27;[0m
  &amp#27;[32mGiven &amp#27;[0m&amp#27;[32mthe system is running&amp#27;[0m                                        &amp#27;[90m# com.hotelbay.steps.ReservationManagementSteps.systemIsRunning()&amp#27;[0m
  &amp#27;[32mAnd &amp#27;[0m&amp#27;[32mthe client is authenticated as a guest&amp#27;[0m                         &amp#27;[90m# com.hotelbay.steps.BookingManagementSteps.clientIsAuthenticatedAsGuest()&amp#27;[0m
  &amp#27;[32mGiven &amp#27;[0m&amp#27;[32ma reservation is not eligible for a refund&amp#27;[0m                   &amp#27;[90m# com.hotelbay.steps.RefundManagementSteps.reservationIsNotEligibleForRefund()&amp#27;[0m
  &amp#27;[32mWhen &amp#27;[0m&amp#27;[32mthe client calls POST /refunds with an invalid reservation ID&amp#27;[0m &amp#27;[90m# com.hotelbay.steps.RefundManagementSteps.clientCallsPostRefundsInvalid()&amp#27;[0m
  &amp#27;[32mThen &amp#27;[0m&amp#27;[32mthe client receives status code of &amp#27;[0m&amp#27;[32m&amp#27;[1m200&amp#27;[0m                        &amp#27;[90m# com.hotelbay.steps.BookingManagementSteps.clientReceivesStatusCode(int)&amp#27;[0m
  &amp#27;[32mAnd &amp#27;[0m&amp#27;[32man error message is returned for refunds&amp#27;[0m                       &amp#27;[90m# com.hotelbay.steps.RefundManagementSteps.errorMessageIsReturned()&amp#27;[0m
]]></system-out>
  </testcase>
  <testcase name="Approve non-existing refund request" classname="Refund Management" time="0.018">
    <system-out><![CDATA[2026-05-07T15:47:04.569+01:00  INFO 42288 --- [           main] t.c.s.AnnotationConfigContextLoaderUtils : Could not detect default configuration classes for test class [com.hotelbay.steps.CucumberSpringConfiguration]: CucumberSpringConfiguration does not declare any static, non-private, non-final, nested classes annotated with @Configuration.
2026-05-07T15:47:04.571+01:00  INFO 42288 --- [           main] .b.t.c.SpringBootTestContextBootstrapper : Found @SpringBootConfiguration com.hotelbay.HotelBayApplication for test class com.hotelbay.steps.CucumberSpringConfiguration

Scenario: Approve non-existing refund request                                       &amp#27;[90m# src/test/resources/features/refund-management.feature:34&amp#27;[0m
  &amp#27;[32mGiven &amp#27;[0m&amp#27;[32mthe system is running&amp#27;[0m                                                       &amp#27;[90m# com.hotelbay.steps.ReservationManagementSteps.systemIsRunning()&amp#27;[0m
  &amp#27;[32mAnd &amp#27;[0m&amp#27;[32mthe client is authenticated as a guest&amp#27;[0m                                        &amp#27;[90m# com.hotelbay.steps.BookingManagementSteps.clientIsAuthenticatedAsGuest()&amp#27;[0m
  &amp#27;[32mGiven &amp#27;[0m&amp#27;[32mno pending refund request exists&amp#27;[0m                                            &amp#27;[90m# com.hotelbay.steps.RefundManagementSteps.noPendingRefundRequestExists()&amp#27;[0m
  &amp#27;[32mWhen &amp#27;[0m&amp#27;[32mthe administrator calls PUT /api/payments/&amp#27;[0m&amp#27;[32m&amp#27;[1m999&amp#27;[0m&amp#27;[32m/refund for non-existing refund&amp#27;[0m &amp#27;[90m# com.hotelbay.steps.RefundManagementSteps.the_administrator_calls_put_api_payments_refund_for_non_existing_refund(java.lang.Integer)&amp#27;[0m
  &amp#27;[32mThen &amp#27;[0m&amp#27;[32mthe client receives status code of &amp#27;[0m&amp#27;[32m&amp#27;[1m200&amp#27;[0m                                       &amp#27;[90m# com.hotelbay.steps.BookingManagementSteps.clientReceivesStatusCode(int)&amp#27;[0m
  &amp#27;[32mAnd &amp#27;[0m&amp#27;[32man error message is returned for refunds&amp#27;[0m                                      &amp#27;[90m# com.hotelbay.steps.RefundManagementSteps.errorMessageIsReturned()&amp#27;[0m
]]></system-out>
  </testcase>
  <testcase name="Process refund without approval" classname="Refund Management" time="0.018">
    <system-out><![CDATA[2026-05-07T15:47:04.588+01:00  INFO 42288 --- [           main] t.c.s.AnnotationConfigContextLoaderUtils : Could not detect default configuration classes for test class [com.hotelbay.steps.CucumberSpringConfiguration]: CucumberSpringConfiguration does not declare any static, non-private, non-final, nested classes annotated with @Configuration.
2026-05-07T15:47:04.589+01:00  INFO 42288 --- [           main] .b.t.c.SpringBootTestContextBootstrapper : Found @SpringBootConfiguration com.hotelbay.HotelBayApplication for test class com.hotelbay.steps.CucumberSpringConfiguration

Scenario: Process refund without approval                                                   &amp#27;[90m# src/test/resources/features/refund-management.feature:40&amp#27;[0m
  &amp#27;[32mGiven &amp#27;[0m&amp#27;[32mthe system is running&amp#27;[0m                                                               &amp#27;[90m# com.hotelbay.steps.ReservationManagementSteps.systemIsRunning()&amp#27;[0m
  &amp#27;[32mAnd &amp#27;[0m&amp#27;[32mthe client is authenticated as a guest&amp#27;[0m                                                &amp#27;[90m# com.hotelbay.steps.BookingManagementSteps.clientIsAuthenticatedAsGuest()&amp#27;[0m
  &amp#27;[32mGiven &amp#27;[0m&amp#27;[32ma refund request exists but is not approved&amp#27;[0m                                         &amp#27;[90m# com.hotelbay.steps.RefundManagementSteps.refundRequestExistsButIsNotApproved()&amp#27;[0m
  &amp#27;[32mWhen &amp#27;[0m&amp#27;[32mthe system processes the transaction via PUT /api/payments/1/refund without approval&amp#27;[0m &amp#27;[90m# com.hotelbay.steps.RefundManagementSteps.systemProcessesTransactionNotApprovedInt()&amp#27;[0m
  &amp#27;[32mThen &amp#27;[0m&amp#27;[32mthe client receives status code of &amp#27;[0m&amp#27;[32m&amp#27;[1m200&amp#27;[0m                                               &amp#27;[90m# com.hotelbay.steps.BookingManagementSteps.clientReceivesStatusCode(int)&amp#27;[0m
  &amp#27;[32mAnd &amp#27;[0m&amp#27;[32man error message is returned for refunds&amp#27;[0m                                              &amp#27;[90m# com.hotelbay.steps.RefundManagementSteps.errorMessageIsReturned()&amp#27;[0m
]]></system-out>
  </testcase>
  <testcase name="Create a new reservation" classname="Reservation Management" time="0.025">
    <system-out><![CDATA[2026-05-07T15:47:04.617+01:00  INFO 42288 --- [           main] t.c.s.AnnotationConfigContextLoaderUtils : Could not detect default configuration classes for test class [com.hotelbay.steps.CucumberSpringConfiguration]: CucumberSpringConfiguration does not declare any static, non-private, non-final, nested classes annotated with @Configuration.
2026-05-07T15:47:04.618+01:00  INFO 42288 --- [           main] .b.t.c.SpringBootTestContextBootstrapper : Found @SpringBootConfiguration com.hotelbay.HotelBayApplication for test class com.hotelbay.steps.CucumberSpringConfiguration

Scenario: Create a new reservation                                              &amp#27;[90m# src/test/resources/features/reservation-management.feature:10&amp#27;[0m
  &amp#27;[32mGiven &amp#27;[0m&amp#27;[32mthe system is running&amp#27;[0m                                                   &amp#27;[90m# com.hotelbay.steps.ReservationManagementSteps.systemIsRunning()&amp#27;[0m
  &amp#27;[32mAnd &amp#27;[0m&amp#27;[32mI have appropriate user privileges&amp#27;[0m                                        &amp#27;[90m# com.hotelbay.steps.ReservationManagementSteps.haveAppropriateUserPrivileges()&amp#27;[0m
  &amp#27;[32mGiven &amp#27;[0m&amp#27;[32mI want to create a new reservation&amp#27;[0m                                      &amp#27;[90m# com.hotelbay.steps.ReservationManagementSteps.wantToCreateNewReservation()&amp#27;[0m
  &amp#27;[32mAnd &amp#27;[0m&amp#27;[32ma room with ID &amp#27;[0m&amp#27;[32m&amp#27;[1m1&amp#27;[0m&amp#27;[32m is available&amp#27;[0m                                             &amp#27;[90m# com.hotelbay.steps.ReservationManagementSteps.roomWithIdIsAvailable(int)&amp#27;[0m
  &amp#27;[32mAnd &amp#27;[0m&amp#27;[32ma guest with ID &amp#27;[0m&amp#27;[32m&amp#27;[1m1&amp#27;[0m&amp#27;[32m exists&amp#27;[0m                                                  &amp#27;[90m# com.hotelbay.steps.ReservationManagementSteps.guestWithIdExists(int)&amp#27;[0m
  &amp#27;[32mAnd &amp#27;[0m&amp#27;[32ma hotel with ID &amp#27;[0m&amp#27;[32m&amp#27;[1m1&amp#27;[0m&amp#27;[32m exists&amp#27;[0m                                                  &amp#27;[90m# com.hotelbay.steps.ReservationManagementSteps.hotelWithIdExistsForReservation(int)&amp#27;[0m
  &amp#27;[32mWhen &amp#27;[0m&amp#27;[32mI send a POST request to &amp#27;[0m&amp#27;[32m&amp#27;[1m"/api/reservations"&amp#27;[0m&amp#27;[32m with valid reservation data&amp#27;[0m &amp#27;[90m# com.hotelbay.steps.ReservationManagementSteps.sendPostRequestWithValidData(java.lang.String)&amp#27;[0m
  &amp#27;[32mThen &amp#27;[0m&amp#27;[32mthe response status should be &amp#27;[0m&amp#27;[32m&amp#27;[1m201&amp#27;[0m&amp#27;[32m CREATED&amp#27;[0m                                &amp#27;[90m# com.hotelbay.steps.ReservationManagementSteps.responseStatusShouldBeCreated(int)&amp#27;[0m
  &amp#27;[32mAnd &amp#27;[0m&amp#27;[32mthe response should contain reservation details&amp#27;[0m                           &amp#27;[90m# com.hotelbay.steps.ReservationManagementSteps.responseShouldContainReservationDetails()&amp#27;[0m
  &amp#27;[32mAnd &amp#27;[0m&amp#27;[32mthe reservation should be saved in the database&amp#27;[0m                           &amp#27;[90m# com.hotelbay.steps.ReservationManagementSteps.reservationShouldBeSavedInDatabase()&amp#27;[0m
  &amp#27;[32mAnd &amp#27;[0m&amp#27;[32mthe reservation should have PENDING status&amp#27;[0m                                &amp#27;[90m# com.hotelbay.steps.ReservationManagementSteps.reservationShouldHavePendingStatus()&amp#27;[0m
]]></system-out>
  </testcase>
  <testcase name="Attempt to create reservation for unavailable room" classname="Reservation Management" time="0.019">
    <system-out><![CDATA[2026-05-07T15:47:04.642+01:00  INFO 42288 --- [           main] t.c.s.AnnotationConfigContextLoaderUtils : Could not detect default configuration classes for test class [com.hotelbay.steps.CucumberSpringConfiguration]: CucumberSpringConfiguration does not declare any static, non-private, non-final, nested classes annotated with @Configuration.
2026-05-07T15:47:04.643+01:00  INFO 42288 --- [           main] .b.t.c.SpringBootTestContextBootstrapper : Found @SpringBootConfiguration com.hotelbay.HotelBayApplication for test class com.hotelbay.steps.CucumberSpringConfiguration

Scenario: Attempt to create reservation for unavailable room      &amp#27;[90m# src/test/resources/features/reservation-management.feature:21&amp#27;[0m
  &amp#27;[32mGiven &amp#27;[0m&amp#27;[32mthe system is running&amp#27;[0m                                     &amp#27;[90m# com.hotelbay.steps.ReservationManagementSteps.systemIsRunning()&amp#27;[0m
  &amp#27;[32mAnd &amp#27;[0m&amp#27;[32mI have appropriate user privileges&amp#27;[0m                          &amp#27;[90m# com.hotelbay.steps.ReservationManagementSteps.haveAppropriateUserPrivileges()&amp#27;[0m
  &amp#27;[32mGiven &amp#27;[0m&amp#27;[32ma room with ID &amp#27;[0m&amp#27;[32m&amp#27;[1m1&amp#27;[0m&amp#27;[32m is unavailable&amp#27;[0m                           &amp#27;[90m# com.hotelbay.steps.ReservationManagementSteps.roomWithIdIsUnavailable(int)&amp#27;[0m
  &amp#27;[32mAnd &amp#27;[0m&amp#27;[32ma guest with ID &amp#27;[0m&amp#27;[32m&amp#27;[1m1&amp#27;[0m&amp#27;[32m exists&amp#27;[0m                                    &amp#27;[90m# com.hotelbay.steps.ReservationManagementSteps.guestWithIdExists(int)&amp#27;[0m
  &amp#27;[32mWhen &amp#27;[0m&amp#27;[32mI send a POST request to &amp#27;[0m&amp#27;[32m&amp#27;[1m"/api/reservations"&amp#27;[0m&amp#27;[32m with roomId &amp#27;[0m&amp#27;[32m&amp#27;[1m1&amp#27;[0m &amp#27;[90m# com.hotelbay.steps.ReservationManagementSteps.sendPostRequestWithRoomId(java.lang.String,int)&amp#27;[0m
  &amp#27;[32mThen &amp#27;[0m&amp#27;[32mthe response status should be &amp#27;[0m&amp#27;[32m&amp#27;[1m409&amp#27;[0m&amp#27;[32m CONFLICT&amp#27;[0m                 &amp#27;[90m# com.hotelbay.steps.ReservationManagementSteps.responseStatusShouldBeConflict(int)&amp#27;[0m
  &amp#27;[32mAnd &amp#27;[0m&amp#27;[32mthe response should contain an error message&amp#27;[0m                &amp#27;[90m# com.hotelbay.steps.ReservationManagementSteps.responseShouldContainErrorMessage()&amp#27;[0m
]]></system-out>
  </testcase>
  <testcase name="Attempt to create reservation with conflicting dates" classname="Reservation Management" time="0.019">
    <system-out><![CDATA[2026-05-07T15:47:04.661+01:00  INFO 42288 --- [           main] t.c.s.AnnotationConfigContextLoaderUtils : Could not detect default configuration classes for test class [com.hotelbay.steps.CucumberSpringConfiguration]: CucumberSpringConfiguration does not declare any static, non-private, non-final, nested classes annotated with @Configuration.
2026-05-07T15:47:04.662+01:00  INFO 42288 --- [           main] .b.t.c.SpringBootTestContextBootstrapper : Found @SpringBootConfiguration com.hotelbay.HotelBayApplication for test class com.hotelbay.steps.CucumberSpringConfiguration

Scenario: Attempt to create reservation with conflicting dates             &amp#27;[90m# src/test/resources/features/reservation-management.feature:28&amp#27;[0m
  &amp#27;[32mGiven &amp#27;[0m&amp#27;[32mthe system is running&amp#27;[0m                                              &amp#27;[90m# com.hotelbay.steps.ReservationManagementSteps.systemIsRunning()&amp#27;[0m
  &amp#27;[32mAnd &amp#27;[0m&amp#27;[32mI have appropriate user privileges&amp#27;[0m                                   &amp#27;[90m# com.hotelbay.steps.ReservationManagementSteps.haveAppropriateUserPrivileges()&amp#27;[0m
  &amp#27;[32mGiven &amp#27;[0m&amp#27;[32ma room with ID &amp#27;[0m&amp#27;[32m&amp#27;[1m1&amp#27;[0m&amp#27;[32m has a reservation for a date range&amp#27;[0m                &amp#27;[90m# com.hotelbay.steps.ReservationManagementSteps.roomWithIdHasReservationForDateRange(int)&amp#27;[0m
  &amp#27;[32mAnd &amp#27;[0m&amp#27;[32ma guest with ID &amp#27;[0m&amp#27;[32m&amp#27;[1m1&amp#27;[0m&amp#27;[32m exists&amp#27;[0m                                             &amp#27;[90m# com.hotelbay.steps.ReservationManagementSteps.guestWithIdExists(int)&amp#27;[0m
  &amp#27;[32mWhen &amp#27;[0m&amp#27;[32mI send a POST request to &amp#27;[0m&amp#27;[32m&amp#27;[1m"/api/reservations"&amp#27;[0m&amp#27;[32m with overlapping dates&amp#27;[0m &amp#27;[90m# com.hotelbay.steps.ReservationManagementSteps.sendPostRequestWithOverlappingDates(java.lang.String)&amp#27;[0m
  &amp#27;[32mThen &amp#27;[0m&amp#27;[32mthe response status should be &amp#27;[0m&amp#27;[32m&amp#27;[1m409&amp#27;[0m&amp#27;[32m CONFLICT&amp#27;[0m                          &amp#27;[90m# com.hotelbay.steps.ReservationManagementSteps.responseStatusShouldBeConflict(int)&amp#27;[0m
  &amp#27;[32mAnd &amp#27;[0m&amp#27;[32mthe response should contain an error message&amp#27;[0m                         &amp#27;[90m# com.hotelbay.steps.ReservationManagementSteps.responseShouldContainErrorMessage()&amp#27;[0m
]]></system-out>
  </testcase>
  <testcase name="Get all reservations" classname="Reservation Management" time="0.02">
    <system-out><![CDATA[2026-05-07T15:47:04.680+01:00  INFO 42288 --- [           main] t.c.s.AnnotationConfigContextLoaderUtils : Could not detect default configuration classes for test class [com.hotelbay.steps.CucumberSpringConfiguration]: CucumberSpringConfiguration does not declare any static, non-private, non-final, nested classes annotated with @Configuration.
2026-05-07T15:47:04.682+01:00  INFO 42288 --- [           main] .b.t.c.SpringBootTestContextBootstrapper : Found @SpringBootConfiguration com.hotelbay.HotelBayApplication for test class com.hotelbay.steps.CucumberSpringConfiguration

Scenario: Get all reservations                                        &amp#27;[90m# src/test/resources/features/reservation-management.feature:35&amp#27;[0m
  &amp#27;[32mGiven &amp#27;[0m&amp#27;[32mthe system is running&amp#27;[0m                                         &amp#27;[90m# com.hotelbay.steps.ReservationManagementSteps.systemIsRunning()&amp#27;[0m
  &amp#27;[32mAnd &amp#27;[0m&amp#27;[32mI have appropriate user privileges&amp#27;[0m                              &amp#27;[90m# com.hotelbay.steps.ReservationManagementSteps.haveAppropriateUserPrivileges()&amp#27;[0m
  &amp#27;[32mGiven &amp#27;[0m&amp#27;[32mthere are reservations in the system&amp#27;[0m                          &amp#27;[90m# com.hotelbay.steps.ReservationManagementSteps.thereAreReservationsInTheSystem()&amp#27;[0m
  &amp#27;[32mWhen &amp#27;[0m&amp#27;[32mI send a GET request to &amp#27;[0m&amp#27;[32m&amp#27;[1m"/api/reservations"&amp#27;[0m                    &amp#27;[90m# com.hotelbay.steps.ReservationManagementSteps.sendGetRequest(java.lang.String)&amp#27;[0m
  &amp#27;[32mThen &amp#27;[0m&amp#27;[32mthe response status should be &amp#27;[0m&amp#27;[32m&amp#27;[1m200&amp#27;[0m&amp#27;[32m OK&amp#27;[0m                           &amp#27;[90m# com.hotelbay.steps.ReservationManagementSteps.responseStatusShouldBeOk(int)&amp#27;[0m
  &amp#27;[32mAnd &amp#27;[0m&amp#27;[32mthe response should contain a list of reservations&amp#27;[0m              &amp#27;[90m# com.hotelbay.steps.ReservationManagementSteps.responseShouldContainListOfReservations()&amp#27;[0m
  &amp#27;[32mAnd &amp#27;[0m&amp#27;[32meach reservation should have id, room, guest, hotel, and status&amp#27;[0m &amp#27;[90m# com.hotelbay.steps.ReservationManagementSteps.eachReservationShouldHaveRequiredFields()&amp#27;[0m
]]></system-out>
  </testcase>
  <testcase name="Get reservation by ID" classname="Reservation Management" time="0.018">
    <system-out><![CDATA[2026-05-07T15:47:04.700+01:00  INFO 42288 --- [           main] t.c.s.AnnotationConfigContextLoaderUtils : Could not detect default configuration classes for test class [com.hotelbay.steps.CucumberSpringConfiguration]: CucumberSpringConfiguration does not declare any static, non-private, non-final, nested classes annotated with @Configuration.
2026-05-07T15:47:04.701+01:00  INFO 42288 --- [           main] .b.t.c.SpringBootTestContextBootstrapper : Found @SpringBootConfiguration com.hotelbay.HotelBayApplication for test class com.hotelbay.steps.CucumberSpringConfiguration

Scenario: Get reservation by ID                       &amp#27;[90m# src/test/resources/features/reservation-management.feature:42&amp#27;[0m
  &amp#27;[32mGiven &amp#27;[0m&amp#27;[32mthe system is running&amp#27;[0m                         &amp#27;[90m# com.hotelbay.steps.ReservationManagementSteps.systemIsRunning()&amp#27;[0m
  &amp#27;[32mAnd &amp#27;[0m&amp#27;[32mI have appropriate user privileges&amp#27;[0m              &amp#27;[90m# com.hotelbay.steps.ReservationManagementSteps.haveAppropriateUserPrivileges()&amp#27;[0m
  &amp#27;[32mGiven &amp#27;[0m&amp#27;[32ma reservation with ID &amp#27;[0m&amp#27;[32m&amp#27;[1m1&amp#27;[0m&amp#27;[32m exists&amp#27;[0m                &amp#27;[90m# com.hotelbay.steps.ReservationManagementSteps.reservationWithIdExists(int)&amp#27;[0m
  &amp#27;[32mWhen &amp#27;[0m&amp#27;[32mI send a GET request to &amp#27;[0m&amp#27;[32m&amp#27;[1m"/api/reservations/1"&amp#27;[0m  &amp#27;[90m# com.hotelbay.steps.ReservationManagementSteps.sendGetRequest(java.lang.String)&amp#27;[0m
  &amp#27;[32mThen &amp#27;[0m&amp#27;[32mthe response status should be &amp#27;[0m&amp#27;[32m&amp#27;[1m200&amp#27;[0m&amp#27;[32m OK&amp#27;[0m           &amp#27;[90m# com.hotelbay.steps.ReservationManagementSteps.responseStatusShouldBeOk(int)&amp#27;[0m
[...]
]]></system-out>
  </testcase>
  <testcase name="Delete room" classname="Room Management" time="0.013">
    <system-out><![CDATA[2026-05-07T15:47:05.251+01:00  INFO 42288 --- [           main] t.c.s.AnnotationConfigContextLoaderUtils : Could not detect default configuration classes for test class [com.hotelbay.steps.CucumberSpringConfiguration]: CucumberSpringConfiguration does not declare any static, non-private, non-final, nested classes annotated with @Configuration.
2026-05-07T15:47:05.252+01:00  INFO 42288 --- [           main] .b.t.c.SpringBootTestContextBootstrapper : Found @SpringBootConfiguration com.hotelbay.HotelBayApplication for test class com.hotelbay.steps.CucumberSpringConfiguration

Scenario: Delete room                                              &amp#27;[90m# src/test/resources/features/room-management.feature:23&amp#27;[0m
  &amp#27;[32mGiven &amp#27;[0m&amp#27;[32mthe system is running&amp#27;[0m                                      &amp#27;[90m# com.hotelbay.steps.ReservationManagementSteps.systemIsRunning()&amp#27;[0m
  &amp#27;[32mAnd &amp#27;[0m&amp#27;[32man administrator is authenticated&amp#27;[0m                            &amp#27;[90m# com.hotelbay.steps.HotelManagementSteps.administratorIsAuthenticated()&amp#27;[0m
  &amp#27;[32mGiven &amp#27;[0m&amp#27;[32ma room exists in a hotel&amp#27;[0m                                   &amp#27;[90m# com.hotelbay.steps.RoomManagementSteps.aRoomExistsInAHotel()&amp#27;[0m
  &amp#27;[32mWhen &amp#27;[0m&amp#27;[32mthe administrator deletes the room&amp#27;[0m                          &amp#27;[90m# com.hotelbay.steps.RoomManagementSteps.administratorDeletesRoom()&amp#27;[0m
  &amp#27;[32mThen &amp#27;[0m&amp#27;[32mthe room should be removed from the list of available rooms&amp#27;[0m &amp#27;[90m# com.hotelbay.steps.RoomManagementSteps.roomShouldBeRemovedFromAvailableRooms()&amp#27;[0m
  &amp#27;[32mAnd &amp#27;[0m&amp#27;[32mpast reservations should remain recorded&amp#27;[0m                     &amp#27;[90m# com.hotelbay.steps.RoomManagementSteps.pastReservationsShouldRemainRecorded()&amp#27;[0m
  &amp#27;[32mAnd &amp#27;[0m&amp#27;[32mthe response status code should be &amp#27;[0m&amp#27;[32m&amp#27;[1m204&amp#27;[0m                       &amp#27;[90m# com.hotelbay.steps.RoomManagementSteps.responseStatusCodeShouldBe(int)&amp#27;[0m
]]></system-out>
  </testcase>
  <testcase name="Delete non-existing room" classname="Room Management" time="0.014">
    <system-out><![CDATA[2026-05-07T15:47:05.265+01:00  INFO 42288 --- [           main] t.c.s.AnnotationConfigContextLoaderUtils : Could not detect default configuration classes for test class [com.hotelbay.steps.CucumberSpringConfiguration]: CucumberSpringConfiguration does not declare any static, non-private, non-final, nested classes annotated with @Configuration.
2026-05-07T15:47:05.266+01:00  INFO 42288 --- [           main] .b.t.c.SpringBootTestContextBootstrapper : Found @SpringBootConfiguration com.hotelbay.HotelBayApplication for test class com.hotelbay.steps.CucumberSpringConfiguration

Scenario: Delete non-existing room                               &amp#27;[90m# src/test/resources/features/room-management.feature:30&amp#27;[0m
  &amp#27;[32mGiven &amp#27;[0m&amp#27;[32mthe system is running&amp#27;[0m                                    &amp#27;[90m# com.hotelbay.steps.ReservationManagementSteps.systemIsRunning()&amp#27;[0m
  &amp#27;[32mAnd &amp#27;[0m&amp#27;[32man administrator is authenticated&amp#27;[0m                          &amp#27;[90m# com.hotelbay.steps.HotelManagementSteps.administratorIsAuthenticated()&amp#27;[0m
  &amp#27;[32mGiven &amp#27;[0m&amp#27;[32ma room does not exist in a hotel&amp#27;[0m                         &amp#27;[90m# com.hotelbay.steps.RoomManagementSteps.roomDoesNotExistInHotel()&amp#27;[0m
  &amp#27;[32mWhen &amp#27;[0m&amp#27;[32mthe administrator attempts to delete the room&amp#27;[0m             &amp#27;[90m# com.hotelbay.steps.RoomManagementSteps.administratorAttemptsToDeleteRoom()&amp#27;[0m
  &amp#27;[32mThen &amp#27;[0m&amp#27;[32mthe system should return status code &amp#27;[0m&amp#27;[32m&amp#27;[1m404&amp#27;[0m&amp#27;[32m for deleted room&amp#27;[0m &amp#27;[90m# com.hotelbay.steps.RoomManagementSteps.systemShouldReturnStatusCodeForDeletedRoom(int)&amp#27;[0m
  &amp#27;[32mAnd &amp#27;[0m&amp#27;[32man error message is returned&amp#27;[0m                               &amp#27;[90m# com.hotelbay.steps.RoomManagementSteps.errorMessageIsReturned()&amp#27;[0m
]]></system-out>
  </testcase>
  <testcase name="Search rooms" classname="Room Management" time="0.016">
    <system-out><![CDATA[2026-05-07T15:47:05.281+01:00  INFO 42288 --- [           main] t.c.s.AnnotationConfigContextLoaderUtils : Could not detect default configuration classes for test class [com.hotelbay.steps.CucumberSpringConfiguration]: CucumberSpringConfiguration does not declare any static, non-private, non-final, nested classes annotated with @Configuration.
2026-05-07T15:47:05.283+01:00  INFO 42288 --- [           main] .b.t.c.SpringBootTestContextBootstrapper : Found @SpringBootConfiguration com.hotelbay.HotelBayApplication for test class com.hotelbay.steps.CucumberSpringConfiguration

Scenario: Search rooms                                                                      &amp#27;[90m# src/test/resources/features/room-management.feature:36&amp#27;[0m
  &amp#27;[32mGiven &amp#27;[0m&amp#27;[32mthe system is running&amp#27;[0m                                                               &amp#27;[90m# com.hotelbay.steps.ReservationManagementSteps.systemIsRunning()&amp#27;[0m
  &amp#27;[32mAnd &amp#27;[0m&amp#27;[32man administrator is authenticated&amp#27;[0m                                                     &amp#27;[90m# com.hotelbay.steps.HotelManagementSteps.administratorIsAuthenticated()&amp#27;[0m
  &amp#27;[32mGiven &amp#27;[0m&amp#27;[32mmultiple hotels and rooms exist in the system&amp#27;[0m                                       &amp#27;[90m# com.hotelbay.steps.RoomManagementSteps.multipleHotelsAndRoomsExist()&amp#27;[0m
  &amp#27;[32mWhen &amp#27;[0m&amp#27;[32ma user searches for rooms using filters such as location, category, price, and dates&amp#27;[0m &amp#27;[90m# com.hotelbay.steps.RoomManagementSteps.userSearchesForRoomsWithFilters()&amp#27;[0m
  &amp#27;[32mThen &amp#27;[0m&amp#27;[32mthe system should return rooms that match the search criteria and are available&amp#27;[0m      &amp#27;[90m# com.hotelbay.steps.RoomManagementSteps.systemShouldReturnMatchingRooms()&amp#27;[0m
]]></system-out>
  </testcase>
  <testcase name="Search with no results" classname="Room Management" time="0.013">
    <system-out><![CDATA[2026-05-07T15:47:05.297+01:00  INFO 42288 --- [           main] t.c.s.AnnotationConfigContextLoaderUtils : Could not detect default configuration classes for test class [com.hotelbay.steps.CucumberSpringConfiguration]: CucumberSpringConfiguration does not declare any static, non-private, non-final, nested classes annotated with @Configuration.
2026-05-07T15:47:05.299+01:00  INFO 42288 --- [           main] .b.t.c.SpringBootTestContextBootstrapper : Found @SpringBootConfiguration com.hotelbay.HotelBayApplication for test class com.hotelbay.steps.CucumberSpringConfiguration

Scenario: Search with no results              &amp#27;[90m# src/test/resources/features/room-management.feature:41&amp#27;[0m
  &amp#27;[32mGiven &amp#27;[0m&amp#27;[32mthe system is running&amp#27;[0m                 &amp#27;[90m# com.hotelbay.steps.ReservationManagementSteps.systemIsRunning()&amp#27;[0m
  &amp#27;[32mAnd &amp#27;[0m&amp#27;[32man administrator is authenticated&amp#27;[0m       &amp#27;[90m# com.hotelbay.steps.HotelManagementSteps.administratorIsAuthenticated()&amp#27;[0m
  &amp#27;[32mGiven &amp#27;[0m&amp#27;[32mno rooms match the search filters&amp#27;[0m     &amp#27;[90m# com.hotelbay.steps.RoomManagementSteps.noRoomsMatchSearchFilters()&amp#27;[0m
  &amp#27;[32mWhen &amp#27;[0m&amp#27;[32ma user searches for rooms&amp#27;[0m              &amp#27;[90m# com.hotelbay.steps.RoomManagementSteps.userSearchesForRooms()&amp#27;[0m
  &amp#27;[32mThen &amp#27;[0m&amp#27;[32mthe system should return an empty list&amp#27;[0m &amp#27;[90m# com.hotelbay.steps.RoomManagementSteps.systemShouldReturnEmptyList()&amp#27;[0m
]]></system-out>
  </testcase>
  <testcase name="View room details" classname="Room Management" time="0.013">
    <system-out><![CDATA[2026-05-07T15:47:05.309+01:00  INFO 42288 --- [           main] t.c.s.AnnotationConfigContextLoaderUtils : Could not detect default configuration classes for test class [com.hotelbay.steps.CucumberSpringConfiguration]: CucumberSpringConfiguration does not declare any static, non-private, non-final, nested classes annotated with @Configuration.
2026-05-07T15:47:05.310+01:00  INFO 42288 --- [           main] .b.t.c.SpringBootTestContextBootstrapper : Found @SpringBootConfiguration com.hotelbay.HotelBayApplication for test class com.hotelbay.steps.CucumberSpringConfiguration

Scenario: View room details                                                     &amp#27;[90m# src/test/resources/features/room-management.feature:46&amp#27;[0m
  &amp#27;[32mGiven &amp#27;[0m&amp#27;[32mthe system is running&amp#27;[0m                                                   &amp#27;[90m# com.hotelbay.steps.ReservationManagementSteps.systemIsRunning()&amp#27;[0m
  &amp#27;[32mAnd &amp#27;[0m&amp#27;[32man administrator is authenticated&amp#27;[0m                                         &amp#27;[90m# com.hotelbay.steps.HotelManagementSteps.administratorIsAuthenticated()&amp#27;[0m
  &amp#27;[32mGiven &amp#27;[0m&amp#27;[32ma room exists in the system&amp#27;[0m                                             &amp#27;[90m# com.hotelbay.steps.RoomManagementSteps.roomExistsInTheSystem()&amp#27;[0m
  &amp#27;[32mWhen &amp#27;[0m&amp#27;[32ma user requests the room details&amp#27;[0m                                         &amp#27;[90m# com.hotelbay.steps.RoomManagementSteps.userRequestsRoomDetails()&amp#27;[0m
  &amp#27;[32mThen &amp#27;[0m&amp#27;[32mthe system should return the room type, capacity, price, and description&amp#27;[0m &amp#27;[90m# com.hotelbay.steps.RoomManagementSteps.systemShouldReturnRoomDetails()&amp#27;[0m
]]></system-out>
  </testcase>
  <testcase name="View deleted room" classname="Room Management" time="0.016">
    <system-out><![CDATA[2026-05-07T15:47:05.323+01:00  INFO 42288 --- [           main] t.c.s.AnnotationConfigContextLoaderUtils : Could not detect default configuration classes for test class [com.hotelbay.steps.CucumberSpringConfiguration]: CucumberSpringConfiguration does not declare any static, non-private, non-final, nested classes annotated with @Configuration.
2026-05-07T15:47:05.325+01:00  INFO 42288 --- [           main] .b.t.c.SpringBootTestContextBootstrapper : Found @SpringBootConfiguration com.hotelbay.HotelBayApplication for test class com.hotelbay.steps.CucumberSpringConfiguration

Scenario: View deleted room                     &amp#27;[90m# src/test/resources/features/room-management.feature:51&amp#27;[0m
  &amp#27;[32mGiven &amp#27;[0m&amp#27;[32mthe system is running&amp#27;[0m                   &amp#27;[90m# com.hotelbay.steps.ReservationManagementSteps.systemIsRunning()&amp#27;[0m
  &amp#27;[32mAnd &amp#27;[0m&amp#27;[32man administrator is authenticated&amp#27;[0m         &amp#27;[90m# com.hotelbay.steps.HotelManagementSteps.administratorIsAuthenticated()&amp#27;[0m
  &amp#27;[32mGiven &amp#27;[0m&amp#27;[32ma room has been deleted&amp#27;[0m                 &amp#27;[90m# com.hotelbay.steps.RoomManagementSteps.roomHasBeenDeleted()&amp#27;[0m
  &amp#27;[32mWhen &amp#27;[0m&amp#27;[32ma user requests the room details&amp#27;[0m         &amp#27;[90m# com.hotelbay.steps.RoomManagementSteps.userRequestsRoomDetails()&amp#27;[0m
  &amp#27;[32mThen &amp#27;[0m&amp#27;[32mthe system should return status code &amp#27;[0m&amp#27;[32m&amp#27;[1m404&amp#27;[0m &amp#27;[90m# com.hotelbay.steps.RoomManagementSteps.systemShouldReturnStatusCode(int)&amp#27;[0m
  &amp#27;[32mAnd &amp#27;[0m&amp#27;[32man error message is returned&amp#27;[0m              &amp#27;[90m# com.hotelbay.steps.RoomManagementSteps.errorMessageIsReturned()&amp#27;[0m
]]></system-out>
  </testcase>
  <testcase name="Successful user registration" classname="User Authentication" time="0.016">
    <system-out><![CDATA[2026-05-07T15:47:05.340+01:00  INFO 42288 --- [           main] t.c.s.AnnotationConfigContextLoaderUtils : Could not detect default configuration classes for test class [com.hotelbay.steps.CucumberSpringConfiguration]: CucumberSpringConfiguration does not declare any static, non-private, non-final, nested classes annotated with @Configuration.
2026-05-07T15:47:05.341+01:00  INFO 42288 --- [           main] .b.t.c.SpringBootTestContextBootstrapper : Found @SpringBootConfiguration com.hotelbay.HotelBayApplication for test class com.hotelbay.steps.CucumberSpringConfiguration

Scenario: Successful user registration                 &amp#27;[90m# src/test/resources/features/user-management.feature:9&amp#27;[0m
  &amp#27;[32mGiven &amp#27;[0m&amp#27;[32mthe system is running&amp#27;[0m                          &amp#27;[90m# com.hotelbay.steps.ReservationManagementSteps.systemIsRunning()&amp#27;[0m
  &amp#27;[32mGiven &amp#27;[0m&amp#27;[32mthe client provides valid registration details&amp#27;[0m &amp#27;[90m# com.hotelbay.steps.UserManagementSteps.clientProvidesValidRegistrationDetails()&amp#27;[0m
  &amp#27;[32mWhen &amp#27;[0m&amp#27;[32mthe client calls POST /users/register&amp#27;[0m           &amp#27;[90m# com.hotelbay.steps.UserManagementSteps.clientCallsPostUsersRegister()&amp#27;[0m
  &amp#27;[32mThen &amp#27;[0m&amp#27;[32mthe auth client receives status code of &amp#27;[0m&amp#27;[32m&amp#27;[1m201&amp#27;[0m     &amp#27;[90m# com.hotelbay.steps.UserManagementSteps.authClientReceivesStatusCode(int)&amp#27;[0m
  &amp#27;[32mAnd &amp#27;[0m&amp#27;[32ma new user account is created&amp#27;[0m                    &amp#27;[90m# com.hotelbay.steps.UserManagementSteps.newUserAccountIsCreated()&amp#27;[0m
]]></system-out>
  </testcase>
  <testcase name="Registration with already registered email" classname="User Authentication" time="0.02">
    <system-out><![CDATA[2026-05-07T15:47:05.357+01:00  INFO 42288 --- [           main] t.c.s.AnnotationConfigContextLoaderUtils : Could not detect default configuration classes for test class [com.hotelbay.steps.CucumberSpringConfiguration]: CucumberSpringConfiguration does not declare any static, non-private, non-final, nested classes annotated with @Configuration.
2026-05-07T15:47:05.359+01:00  INFO 42288 --- [           main] .b.t.c.SpringBootTestContextBootstrapper : Found @SpringBootConfiguration com.hotelbay.HotelBayApplication for test class com.hotelbay.steps.CucumberSpringConfiguration

Scenario: Registration with already registered email                    &amp#27;[90m# src/test/resources/features/user-management.feature:15&amp#27;[0m
  &amp#27;[32mGiven &amp#27;[0m&amp#27;[32mthe system is running&amp#27;[0m                                           &amp#27;[90m# com.hotelbay.steps.ReservationManagementSteps.systemIsRunning()&amp#27;[0m
  &amp#27;[32mGiven &amp#27;[0m&amp#27;[32mthe client provides registration details with an existing email&amp#27;[0m &amp#27;[90m# com.hotelbay.steps.UserManagementSteps.clientProvidesRegistrationDetailsWithExistingEmail()&amp#27;[0m
  &amp#27;[32mWhen &amp#27;[0m&amp#27;[32mthe client calls POST /users/register&amp#27;[0m                            &amp#27;[90m# com.hotelbay.steps.UserManagementSteps.clientCallsPostUsersRegister()&amp#27;[0m
  &amp#27;[32mThen &amp#27;[0m&amp#27;[32mthe auth client receives status code of &amp#27;[0m&amp#27;[32m&amp#27;[1m409&amp#27;[0m                      &amp#27;[90m# com.hotelbay.steps.UserManagementSteps.authClientReceivesStatusCode(int)&amp#27;[0m
  &amp#27;[32mAnd &amp#27;[0m&amp#27;[32man authentication error message is returned&amp#27;[0m                       &amp#27;[90m# com.hotelbay.steps.UserManagementSteps.authenticationErrorMessageIsReturned()&amp#27;[0m
]]></system-out>
  </testcase>
  <testcase name="Successful login" classname="User Authentication" time="0.022">
    <system-out><![CDATA[2026-05-07T15:47:05.376+01:00  INFO 42288 --- [           main] t.c.s.AnnotationConfigContextLoaderUtils : Could not detect default configuration classes for test class [com.hotelbay.steps.CucumberSpringConfiguration]: CucumberSpringConfiguration does not declare any static, non-private, non-final, nested classes annotated with @Configuration.
2026-05-07T15:47:05.378+01:00  INFO 42288 --- [           main] .b.t.c.SpringBootTestContextBootstrapper : Found @SpringBootConfiguration com.hotelbay.HotelBayApplication for test class com.hotelbay.steps.CucumberSpringConfiguration

Scenario: Successful login                          &amp#27;[90m# src/test/resources/features/user-management.feature:21&amp#27;[0m
  &amp#27;[32mGiven &amp#27;[0m&amp#27;[32mthe system is running&amp#27;[0m                       &amp#27;[90m# com.hotelbay.steps.ReservationManagementSteps.systemIsRunning()&amp#27;[0m
  &amp#27;[32mGiven &amp#27;[0m&amp#27;[32mthe client provides valid login credentials&amp#27;[0m &amp#27;[90m# com.hotelbay.steps.UserManagementSteps.clientProvidesValidLoginCredentials()&amp#27;[0m
  &amp#27;[32mWhen &amp#27;[0m&amp#27;[32mthe client calls POST /users/login&amp#27;[0m           &amp#27;[90m# com.hotelbay.steps.UserManagementSteps.clientCallsPostUsersLogin()&amp#27;[0m
  &amp#27;[32mThen &amp#27;[0m&amp#27;[32mthe auth client receives status code of &amp#27;[0m&amp#27;[32m&amp#27;[1m200&amp#27;[0m  &amp#27;[90m# com.hotelbay.steps.UserManagementSteps.authClientReceivesStatusCode(int)&amp#27;[0m
  &amp#27;[32mAnd &amp#27;[0m&amp#27;[32mthe system returns an authentication token&amp#27;[0m    &amp#27;[90m# com.hotelbay.steps.UserManagementSteps.systemReturnsAuthenticationToken()&amp#27;[0m
]]></system-out>
  </testcase>
  <testcase name="Successful logout" classname="User Authentication" time="0.018">
    <system-out><![CDATA[2026-05-07T15:47:05.398+01:00  INFO 42288 --- [           main] t.c.s.AnnotationConfigContextLoaderUtils : Could not detect default configuration classes for test class [com.hotelbay.steps.CucumberSpringConfiguration]: CucumberSpringConfiguration does not declare any static, non-private, non-final, nested classes annotated with @Configuration.
2026-05-07T15:47:05.399+01:00  INFO 42288 --- [           main] .b.t.c.SpringBootTestContextBootstrapper : Found @SpringBootConfiguration com.hotelbay.HotelBayApplication for test class com.hotelbay.steps.CucumberSpringConfiguration

Scenario: Successful logout                        &amp#27;[90m# src/test/resources/features/user-management.feature:27&amp#27;[0m
  &amp#27;[32mGiven &amp#27;[0m&amp#27;[32mthe system is running&amp#27;[0m                      &amp#27;[90m# com.hotelbay.steps.ReservationManagementSteps.systemIsRunning()&amp#27;[0m
  &amp#27;[32mGiven &amp#27;[0m&amp#27;[32mthe client is logged in&amp#27;[0m                    &amp#27;[90m# com.hotelbay.steps.UserManagementSteps.clientIsLoggedIn()&amp#27;[0m
  &amp#27;[32mWhen &amp#27;[0m&amp#27;[32mthe client calls POST /users/logout&amp#27;[0m         &amp#27;[90m# com.hotelbay.steps.UserManagementSteps.clientCallsPostUsersLogout()&amp#27;[0m
  &amp#27;[32mThen &amp#27;[0m&amp#27;[32mthe auth client receives status code of &amp#27;[0m&amp#27;[32m&amp#27;[1m200&amp#27;[0m &amp#27;[90m# com.hotelbay.steps.UserManagementSteps.authClientReceivesStatusCode(int)&amp#27;[0m
  &amp#27;[32mAnd &amp#27;[0m&amp#27;[32mthe authentication token is invalidated&amp#27;[0m      &amp#27;[90m# com.hotelbay.steps.UserManagementSteps.authenticationTokenIsInvalidated()&amp#27;[0m
]]></system-out>
  </testcase>
</testsuite>